running egg_info
creating ../../../build/gazebo_project/gazebo_project.egg-info
writing ../../../build/gazebo_project/gazebo_project.egg-info/PKG-INFO
writing dependency_links to ../../../build/gazebo_project/gazebo_project.egg-info/dependency_links.txt
writing entry points to ../../../build/gazebo_project/gazebo_project.egg-info/entry_points.txt
writing requirements to ../../../build/gazebo_project/gazebo_project.egg-info/requires.txt
writing top-level names to ../../../build/gazebo_project/gazebo_project.egg-info/top_level.txt
writing manifest file '../../../build/gazebo_project/gazebo_project.egg-info/SOURCES.txt'
reading manifest file '../../../build/gazebo_project/gazebo_project.egg-info/SOURCES.txt'
writing manifest file '../../../build/gazebo_project/gazebo_project.egg-info/SOURCES.txt'
running build
running build_py
creating /home/andres/Documents/autonomous-vehicle-end-to-end-control-project-template 1/build/gazebo_project/build
creating /home/andres/Documents/autonomous-vehicle-end-to-end-control-project-template 1/build/gazebo_project/build/lib
creating /home/andres/Documents/autonomous-vehicle-end-to-end-control-project-template 1/build/gazebo_project/build/lib/gazebo_project
copying gazebo_project/odometry_tf.py -> /home/andres/Documents/autonomous-vehicle-end-to-end-control-project-template 1/build/gazebo_project/build/lib/gazebo_project
copying gazebo_project/__init__.py -> /home/andres/Documents/autonomous-vehicle-end-to-end-control-project-template 1/build/gazebo_project/build/lib/gazebo_project
running install
running install_lib
creating /home/andres/Documents/autonomous-vehicle-end-to-end-control-project-template 1/install/gazebo_project/lib/python3.10/site-packages/gazebo_project
copying /home/andres/Documents/autonomous-vehicle-end-to-end-control-project-template 1/build/gazebo_project/build/lib/gazebo_project/odometry_tf.py -> /home/andres/Documents/autonomous-vehicle-end-to-end-control-project-template 1/install/gazebo_project/lib/python3.10/site-packages/gazebo_project
copying /home/andres/Documents/autonomous-vehicle-end-to-end-control-project-template 1/build/gazebo_project/build/lib/gazebo_project/__init__.py -> /home/andres/Documents/autonomous-vehicle-end-to-end-control-project-template 1/install/gazebo_project/lib/python3.10/site-packages/gazebo_project
byte-compiling /home/andres/Documents/autonomous-vehicle-end-to-end-control-project-template 1/install/gazebo_project/lib/python3.10/site-packages/gazebo_project/odometry_tf.py to odometry_tf.cpython-310.pyc
byte-compiling /home/andres/Documents/autonomous-vehicle-end-to-end-control-project-template 1/install/gazebo_project/lib/python3.10/site-packages/gazebo_project/__init__.py to __init__.cpython-310.pyc
running install_data
creating /home/andres/Documents/autonomous-vehicle-end-to-end-control-project-template 1/install/gazebo_project/share/ament_index
creating /home/andres/Documents/autonomous-vehicle-end-to-end-control-project-template 1/install/gazebo_project/share/ament_index/resource_index
creating /home/andres/Documents/autonomous-vehicle-end-to-end-control-project-template 1/install/gazebo_project/share/ament_index/resource_index/packages
copying resource/gazebo_project -> /home/andres/Documents/autonomous-vehicle-end-to-end-control-project-template 1/install/gazebo_project/share/ament_index/resource_index/packages
copying package.xml -> /home/andres/Documents/autonomous-vehicle-end-to-end-control-project-template 1/install/gazebo_project/share/gazebo_project
creating /home/andres/Documents/autonomous-vehicle-end-to-end-control-project-template 1/install/gazebo_project/share/gazebo_project/urdf
copying urdf/diff_drive_robot.urdf -> /home/andres/Documents/autonomous-vehicle-end-to-end-control-project-template 1/install/gazebo_project/share/gazebo_project/urdf
copying urdf/oakd.urdf.xacro -> /home/andres/Documents/autonomous-vehicle-end-to-end-control-project-template 1/install/gazebo_project/share/gazebo_project/urdf
copying urdf/robot.urdf -> /home/andres/Documents/autonomous-vehicle-end-to-end-control-project-template 1/install/gazebo_project/share/gazebo_project/urdf
copying urdf/tutorial_robot.urdf -> /home/andres/Documents/autonomous-vehicle-end-to-end-control-project-template 1/install/gazebo_project/share/gazebo_project/urdf
copying urdf/robott.urdf -> /home/andres/Documents/autonomous-vehicle-end-to-end-control-project-template 1/install/gazebo_project/share/gazebo_project/urdf
copying urdf/common_properties.urdf.xacro -> /home/andres/Documents/autonomous-vehicle-end-to-end-control-project-template 1/install/gazebo_project/share/gazebo_project/urdf
creating /home/andres/Documents/autonomous-vehicle-end-to-end-control-project-template 1/install/gazebo_project/share/gazebo_project/meshes
copying meshes/smart_car.obj -> /home/andres/Documents/autonomous-vehicle-end-to-end-control-project-template 1/install/gazebo_project/share/gazebo_project/meshes
copying meshes/oakd_pro.dae -> /home/andres/Documents/autonomous-vehicle-end-to-end-control-project-template 1/install/gazebo_project/share/gazebo_project/meshes
creating /home/andres/Documents/autonomous-vehicle-end-to-end-control-project-template 1/install/gazebo_project/share/gazebo_project/worlds
copying worlds/sonoma.sdf -> /home/andres/Documents/autonomous-vehicle-end-to-end-control-project-template 1/install/gazebo_project/share/gazebo_project/worlds
copying worlds/demo_world.sdf -> /home/andres/Documents/autonomous-vehicle-end-to-end-control-project-template 1/install/gazebo_project/share/gazebo_project/worlds
creating /home/andres/Documents/autonomous-vehicle-end-to-end-control-project-template 1/install/gazebo_project/share/gazebo_project/launch
copying launch/sonoma.launch.py -> /home/andres/Documents/autonomous-vehicle-end-to-end-control-project-template 1/install/gazebo_project/share/gazebo_project/launch
copying launch/rviz.launch.py -> /home/andres/Documents/autonomous-vehicle-end-to-end-control-project-template 1/install/gazebo_project/share/gazebo_project/launch
copying launch/simulation.launch.py -> /home/andres/Documents/autonomous-vehicle-end-to-end-control-project-template 1/install/gazebo_project/share/gazebo_project/launch
creating /home/andres/Documents/autonomous-vehicle-end-to-end-control-project-template 1/install/gazebo_project/share/gazebo_project/rviz
copying rviz/config.rviz -> /home/andres/Documents/autonomous-vehicle-end-to-end-control-project-template 1/install/gazebo_project/share/gazebo_project/rviz
running install_egg_info
Copying ../../../build/gazebo_project/gazebo_project.egg-info to /home/andres/Documents/autonomous-vehicle-end-to-end-control-project-template 1/install/gazebo_project/lib/python3.10/site-packages/gazebo_project-0.0.0-py3.10.egg-info
running install_scripts
Installing odometry_tf script to /home/andres/Documents/autonomous-vehicle-end-to-end-control-project-template 1/install/gazebo_project/lib/gazebo_project
writing list of installed files to '/home/andres/Documents/autonomous-vehicle-end-to-end-control-project-template 1/build/gazebo_project/install.log'
