[1.958s] Invoking command in '/home/andres/Documents/autonomous-vehicle-end-to-end-control-project-template 1/autonomous-vehicle-end-to-end-control-project-template/src/gazebo_project': PYTHONPATH=/home/andres/Documents/autonomous-vehicle-end-to-end-control-project-template 1/build/gazebo_project/prefix_override:/usr/lib/python3/dist-packages/colcon_core/task/python/colcon_distutils_commands:/home/andres/Documents/autonomous-vehicle-end-to-end-control-project-template 1/install/gazebo_project/lib/python3.10/site-packages:${PYTHONPATH} /usr/bin/python3 -W ignore:setup.py install is deprecated setup.py egg_info --egg-base ../../../build/gazebo_project build --build-base /home/andres/Documents/autonomous-vehicle-end-to-end-control-project-template 1/build/gazebo_project/build install --record /home/andres/Documents/autonomous-vehicle-end-to-end-control-project-template 1/build/gazebo_project/install.log --single-version-externally-managed install_data
[2.347s] running egg_info
[2.347s] creating ../../../build/gazebo_project/gazebo_project.egg-info
[2.347s] writing ../../../build/gazebo_project/gazebo_project.egg-info/PKG-INFO
[2.347s] writing dependency_links to ../../../build/gazebo_project/gazebo_project.egg-info/dependency_links.txt
[2.347s] writing entry points to ../../../build/gazebo_project/gazebo_project.egg-info/entry_points.txt
[2.347s] writing requirements to ../../../build/gazebo_project/gazebo_project.egg-info/requires.txt
[2.347s] writing top-level names to ../../../build/gazebo_project/gazebo_project.egg-info/top_level.txt
[2.347s] writing manifest file '../../../build/gazebo_project/gazebo_project.egg-info/SOURCES.txt'
[2.347s] reading manifest file '../../../build/gazebo_project/gazebo_project.egg-info/SOURCES.txt'
[2.351s] writing manifest file '../../../build/gazebo_project/gazebo_project.egg-info/SOURCES.txt'
[2.352s] running build
[2.352s] running build_py
[2.352s] creating /home/andres/Documents/autonomous-vehicle-end-to-end-control-project-template 1/build/gazebo_project/build
[2.352s] creating /home/andres/Documents/autonomous-vehicle-end-to-end-control-project-template 1/build/gazebo_project/build/lib
[2.352s] creating /home/andres/Documents/autonomous-vehicle-end-to-end-control-project-template 1/build/gazebo_project/build/lib/gazebo_project
[2.352s] copying gazebo_project/odometry_tf.py -> /home/andres/Documents/autonomous-vehicle-end-to-end-control-project-template 1/build/gazebo_project/build/lib/gazebo_project
[2.352s] copying gazebo_project/__init__.py -> /home/andres/Documents/autonomous-vehicle-end-to-end-control-project-template 1/build/gazebo_project/build/lib/gazebo_project
[2.352s] running install
[2.358s] running install_lib
[2.358s] creating /home/andres/Documents/autonomous-vehicle-end-to-end-control-project-template 1/install/gazebo_project/lib/python3.10/site-packages/gazebo_project
[2.358s] copying /home/andres/Documents/autonomous-vehicle-end-to-end-control-project-template 1/build/gazebo_project/build/lib/gazebo_project/odometry_tf.py -> /home/andres/Documents/autonomous-vehicle-end-to-end-control-project-template 1/install/gazebo_project/lib/python3.10/site-packages/gazebo_project
[2.358s] copying /home/andres/Documents/autonomous-vehicle-end-to-end-control-project-template 1/build/gazebo_project/build/lib/gazebo_project/__init__.py -> /home/andres/Documents/autonomous-vehicle-end-to-end-control-project-template 1/install/gazebo_project/lib/python3.10/site-packages/gazebo_project
[2.359s] byte-compiling /home/andres/Documents/autonomous-vehicle-end-to-end-control-project-template 1/install/gazebo_project/lib/python3.10/site-packages/gazebo_project/odometry_tf.py to odometry_tf.cpython-310.pyc
[2.359s] byte-compiling /home/andres/Documents/autonomous-vehicle-end-to-end-control-project-template 1/install/gazebo_project/lib/python3.10/site-packages/gazebo_project/__init__.py to __init__.cpython-310.pyc
[2.359s] running install_data
[2.360s] creating /home/andres/Documents/autonomous-vehicle-end-to-end-control-project-template 1/install/gazebo_project/share/ament_index
[2.360s] creating /home/andres/Documents/autonomous-vehicle-end-to-end-control-project-template 1/install/gazebo_project/share/ament_index/resource_index
[2.360s] creating /home/andres/Documents/autonomous-vehicle-end-to-end-control-project-template 1/install/gazebo_project/share/ament_index/resource_index/packages
[2.364s] copying resource/gazebo_project -> /home/andres/Documents/autonomous-vehicle-end-to-end-control-project-template 1/install/gazebo_project/share/ament_index/resource_index/packages
[2.364s] copying package.xml -> /home/andres/Documents/autonomous-vehicle-end-to-end-control-project-template 1/install/gazebo_project/share/gazebo_project
[2.364s] creating /home/andres/Documents/autonomous-vehicle-end-to-end-control-project-template 1/install/gazebo_project/share/gazebo_project/urdf
[2.364s] copying urdf/diff_drive_robot.urdf -> /home/andres/Documents/autonomous-vehicle-end-to-end-control-project-template 1/install/gazebo_project/share/gazebo_project/urdf
[2.364s] copying urdf/oakd.urdf.xacro -> /home/andres/Documents/autonomous-vehicle-end-to-end-control-project-template 1/install/gazebo_project/share/gazebo_project/urdf
[2.365s] copying urdf/robot.urdf -> /home/andres/Documents/autonomous-vehicle-end-to-end-control-project-template 1/install/gazebo_project/share/gazebo_project/urdf
[2.365s] copying urdf/tutorial_robot.urdf -> /home/andres/Documents/autonomous-vehicle-end-to-end-control-project-template 1/install/gazebo_project/share/gazebo_project/urdf
[2.365s] copying urdf/robott.urdf -> /home/andres/Documents/autonomous-vehicle-end-to-end-control-project-template 1/install/gazebo_project/share/gazebo_project/urdf
[2.365s] copying urdf/common_properties.urdf.xacro -> /home/andres/Documents/autonomous-vehicle-end-to-end-control-project-template 1/install/gazebo_project/share/gazebo_project/urdf
[2.366s] creating /home/andres/Documents/autonomous-vehicle-end-to-end-control-project-template 1/install/gazebo_project/share/gazebo_project/meshes
[2.366s] copying meshes/smart_car.obj -> /home/andres/Documents/autonomous-vehicle-end-to-end-control-project-template 1/install/gazebo_project/share/gazebo_project/meshes
[2.367s] copying meshes/oakd_pro.dae -> /home/andres/Documents/autonomous-vehicle-end-to-end-control-project-template 1/install/gazebo_project/share/gazebo_project/meshes
[2.383s] creating /home/andres/Documents/autonomous-vehicle-end-to-end-control-project-template 1/install/gazebo_project/share/gazebo_project/worlds
[2.383s] copying worlds/sonoma.sdf -> /home/andres/Documents/autonomous-vehicle-end-to-end-control-project-template 1/install/gazebo_project/share/gazebo_project/worlds
[2.384s] copying worlds/demo_world.sdf -> /home/andres/Documents/autonomous-vehicle-end-to-end-control-project-template 1/install/gazebo_project/share/gazebo_project/worlds
[2.384s] creating /home/andres/Documents/autonomous-vehicle-end-to-end-control-project-template 1/install/gazebo_project/share/gazebo_project/launch
[2.384s] copying launch/sonoma.launch.py -> /home/andres/Documents/autonomous-vehicle-end-to-end-control-project-template 1/install/gazebo_project/share/gazebo_project/launch
[2.385s] copying launch/rviz.launch.py -> /home/andres/Documents/autonomous-vehicle-end-to-end-control-project-template 1/install/gazebo_project/share/gazebo_project/launch
[2.385s] copying launch/simulation.launch.py -> /home/andres/Documents/autonomous-vehicle-end-to-end-control-project-template 1/install/gazebo_project/share/gazebo_project/launch
[2.385s] creating /home/andres/Documents/autonomous-vehicle-end-to-end-control-project-template 1/install/gazebo_project/share/gazebo_project/rviz
[2.385s] copying rviz/config.rviz -> /home/andres/Documents/autonomous-vehicle-end-to-end-control-project-template 1/install/gazebo_project/share/gazebo_project/rviz
[2.385s] running install_egg_info
[2.388s] Copying ../../../build/gazebo_project/gazebo_project.egg-info to /home/andres/Documents/autonomous-vehicle-end-to-end-control-project-template 1/install/gazebo_project/lib/python3.10/site-packages/gazebo_project-0.0.0-py3.10.egg-info
[2.389s] running install_scripts
[2.424s] Installing odometry_tf script to /home/andres/Documents/autonomous-vehicle-end-to-end-control-project-template 1/install/gazebo_project/lib/gazebo_project
[2.424s] writing list of installed files to '/home/andres/Documents/autonomous-vehicle-end-to-end-control-project-template 1/build/gazebo_project/install.log'
[2.496s] Invoked command in '/home/andres/Documents/autonomous-vehicle-end-to-end-control-project-template 1/autonomous-vehicle-end-to-end-control-project-template/src/gazebo_project' returned '0': PYTHONPATH=/home/andres/Documents/autonomous-vehicle-end-to-end-control-project-template 1/build/gazebo_project/prefix_override:/usr/lib/python3/dist-packages/colcon_core/task/python/colcon_distutils_commands:/home/andres/Documents/autonomous-vehicle-end-to-end-control-project-template 1/install/gazebo_project/lib/python3.10/site-packages:${PYTHONPATH} /usr/bin/python3 -W ignore:setup.py install is deprecated setup.py egg_info --egg-base ../../../build/gazebo_project build --build-base /home/andres/Documents/autonomous-vehicle-end-to-end-control-project-template 1/build/gazebo_project/build install --record /home/andres/Documents/autonomous-vehicle-end-to-end-control-project-template 1/build/gazebo_project/install.log --single-version-externally-managed install_data
