[2.191s] Invoking command in '/home/andres/Documents/autonomous-vehicle-end-to-end-control-project-template/autonomous-vehicle-end-to-end-control-project-template/src/gazebo_project': PYTHONPATH=/home/andres/Documents/autonomous-vehicle-end-to-end-control-project-template/build/gazebo_project/prefix_override:/usr/lib/python3/dist-packages/colcon_core/task/python/colcon_distutils_commands:/home/andres/Documents/autonomous-vehicle-end-to-end-control-project-template/install/gazebo_project/lib/python3.10/site-packages:${PYTHONPATH} /usr/bin/python3 -W ignore:setup.py install is deprecated setup.py egg_info --egg-base ../../../build/gazebo_project build --build-base /home/andres/Documents/autonomous-vehicle-end-to-end-control-project-template/build/gazebo_project/build install --record /home/andres/Documents/autonomous-vehicle-end-to-end-control-project-template/build/gazebo_project/install.log --single-version-externally-managed install_data
[2.787s] running egg_info
[2.795s] writing ../../../build/gazebo_project/gazebo_project.egg-info/PKG-INFO
[2.802s] writing dependency_links to ../../../build/gazebo_project/gazebo_project.egg-info/dependency_links.txt
[2.804s] writing entry points to ../../../build/gazebo_project/gazebo_project.egg-info/entry_points.txt
[2.806s] writing requirements to ../../../build/gazebo_project/gazebo_project.egg-info/requires.txt
[2.817s] writing top-level names to ../../../build/gazebo_project/gazebo_project.egg-info/top_level.txt
[2.823s] reading manifest file '../../../build/gazebo_project/gazebo_project.egg-info/SOURCES.txt'
[2.857s] writing manifest file '../../../build/gazebo_project/gazebo_project.egg-info/SOURCES.txt'
[2.859s] running build
[2.860s] running build_py
[2.863s] running install
[2.866s] running install_lib
[2.866s] running install_data
[2.867s] running install_egg_info
[2.871s] removing '/home/andres/Documents/autonomous-vehicle-end-to-end-control-project-template/install/gazebo_project/lib/python3.10/site-packages/gazebo_project-0.0.0-py3.10.egg-info' (and everything under it)
[2.875s] Copying ../../../build/gazebo_project/gazebo_project.egg-info to /home/andres/Documents/autonomous-vehicle-end-to-end-control-project-template/install/gazebo_project/lib/python3.10/site-packages/gazebo_project-0.0.0-py3.10.egg-info
[2.880s] running install_scripts
[2.929s] Installing odometry_tf script to /home/andres/Documents/autonomous-vehicle-end-to-end-control-project-template/install/gazebo_project/lib/gazebo_project
[2.930s] writing list of installed files to '/home/andres/Documents/autonomous-vehicle-end-to-end-control-project-template/build/gazebo_project/install.log'
[3.035s] Invoked command in '/home/andres/Documents/autonomous-vehicle-end-to-end-control-project-template/autonomous-vehicle-end-to-end-control-project-template/src/gazebo_project' returned '0': PYTHONPATH=/home/andres/Documents/autonomous-vehicle-end-to-end-control-project-template/build/gazebo_project/prefix_override:/usr/lib/python3/dist-packages/colcon_core/task/python/colcon_distutils_commands:/home/andres/Documents/autonomous-vehicle-end-to-end-control-project-template/install/gazebo_project/lib/python3.10/site-packages:${PYTHONPATH} /usr/bin/python3 -W ignore:setup.py install is deprecated setup.py egg_info --egg-base ../../../build/gazebo_project build --build-base /home/andres/Documents/autonomous-vehicle-end-to-end-control-project-template/build/gazebo_project/build install --record /home/andres/Documents/autonomous-vehicle-end-to-end-control-project-template/build/gazebo_project/install.log --single-version-externally-managed install_data
