[1.882s] Invoking command in '/home/andres/Documents/autonomous-vehicle-end-to-end-control-project-template/autonomous-vehicle-end-to-end-control-project-template/src/perception_and_controller': PYTHONPATH=/home/andres/Documents/autonomous-vehicle-end-to-end-control-project-template/build/perception_and_controller/prefix_override:/usr/lib/python3/dist-packages/colcon_core/task/python/colcon_distutils_commands:/home/andres/Documents/autonomous-vehicle-end-to-end-control-project-template/install/perception_and_controller/lib/python3.10/site-packages:${PYTHONPATH} /usr/bin/python3 -W ignore:setup.py install is deprecated setup.py egg_info --egg-base ../../../build/perception_and_controller build --build-base /home/andres/Documents/autonomous-vehicle-end-to-end-control-project-template/build/perception_and_controller/build install --record /home/andres/Documents/autonomous-vehicle-end-to-end-control-project-template/build/perception_and_controller/install.log --single-version-externally-managed install_data
[2.366s] running egg_info
[2.366s] writing ../../../build/perception_and_controller/perception_and_controller.egg-info/PKG-INFO
[2.366s] writing dependency_links to ../../../build/perception_and_controller/perception_and_controller.egg-info/dependency_links.txt
[2.367s] writing entry points to ../../../build/perception_and_controller/perception_and_controller.egg-info/entry_points.txt
[2.367s] writing requirements to ../../../build/perception_and_controller/perception_and_controller.egg-info/requires.txt
[2.367s] writing top-level names to ../../../build/perception_and_controller/perception_and_controller.egg-info/top_level.txt
[2.370s] reading manifest file '../../../build/perception_and_controller/perception_and_controller.egg-info/SOURCES.txt'
[2.374s] writing manifest file '../../../build/perception_and_controller/perception_and_controller.egg-info/SOURCES.txt'
[2.374s] running build
[2.374s] running build_py
[2.376s] running install
[2.377s] running install_lib
[2.380s] running install_data
[2.381s] running install_egg_info
[2.384s] removing '/home/andres/Documents/autonomous-vehicle-end-to-end-control-project-template/install/perception_and_controller/lib/python3.10/site-packages/perception_and_controller-0.0.0-py3.10.egg-info' (and everything under it)
[2.388s] Copying ../../../build/perception_and_controller/perception_and_controller.egg-info to /home/andres/Documents/autonomous-vehicle-end-to-end-control-project-template/install/perception_and_controller/lib/python3.10/site-packages/perception_and_controller-0.0.0-py3.10.egg-info
[2.391s] running install_scripts
[2.433s] Installing controller script to /home/andres/Documents/autonomous-vehicle-end-to-end-control-project-template/install/perception_and_controller/lib/perception_and_controller
[2.433s] Installing perception script to /home/andres/Documents/autonomous-vehicle-end-to-end-control-project-template/install/perception_and_controller/lib/perception_and_controller
[2.435s] writing list of installed files to '/home/andres/Documents/autonomous-vehicle-end-to-end-control-project-template/build/perception_and_controller/install.log'
[2.576s] Invoked command in '/home/andres/Documents/autonomous-vehicle-end-to-end-control-project-template/autonomous-vehicle-end-to-end-control-project-template/src/perception_and_controller' returned '0': PYTHONPATH=/home/andres/Documents/autonomous-vehicle-end-to-end-control-project-template/build/perception_and_controller/prefix_override:/usr/lib/python3/dist-packages/colcon_core/task/python/colcon_distutils_commands:/home/andres/Documents/autonomous-vehicle-end-to-end-control-project-template/install/perception_and_controller/lib/python3.10/site-packages:${PYTHONPATH} /usr/bin/python3 -W ignore:setup.py install is deprecated setup.py egg_info --egg-base ../../../build/perception_and_controller build --build-base /home/andres/Documents/autonomous-vehicle-end-to-end-control-project-template/build/perception_and_controller/build install --record /home/andres/Documents/autonomous-vehicle-end-to-end-control-project-template/build/perception_and_controller/install.log --single-version-externally-managed install_data
