[2.183s] Invoking command in '/home/andres/Documents/autonomous-vehicle-end-to-end-control-project-template/autonomous-vehicle-end-to-end-control-project-template/src/perception_and_controller': PYTHONPATH=/home/andres/Documents/autonomous-vehicle-end-to-end-control-project-template/build/perception_and_controller/prefix_override:/usr/lib/python3/dist-packages/colcon_core/task/python/colcon_distutils_commands:/home/andres/Documents/autonomous-vehicle-end-to-end-control-project-template/install/perception_and_controller/lib/python3.10/site-packages:${PYTHONPATH} /usr/bin/python3 -W ignore:setup.py install is deprecated setup.py egg_info --egg-base ../../../build/perception_and_controller build --build-base /home/andres/Documents/autonomous-vehicle-end-to-end-control-project-template/build/perception_and_controller/build install --record /home/andres/Documents/autonomous-vehicle-end-to-end-control-project-template/build/perception_and_controller/install.log --single-version-externally-managed install_data
[2.945s] running egg_info
[2.947s] writing ../../../build/perception_and_controller/perception_and_controller.egg-info/PKG-INFO
[2.949s] writing dependency_links to ../../../build/perception_and_controller/perception_and_controller.egg-info/dependency_links.txt
[2.949s] writing entry points to ../../../build/perception_and_controller/perception_and_controller.egg-info/entry_points.txt
[2.951s] writing requirements to ../../../build/perception_and_controller/perception_and_controller.egg-info/requires.txt
[2.952s] writing top-level names to ../../../build/perception_and_controller/perception_and_controller.egg-info/top_level.txt
[2.965s] reading manifest file '../../../build/perception_and_controller/perception_and_controller.egg-info/SOURCES.txt'
[2.978s] writing manifest file '../../../build/perception_and_controller/perception_and_controller.egg-info/SOURCES.txt'
[2.978s] running build
[2.978s] running build_py
[2.978s] copying perception_and_controller/controller.py -> /home/andres/Documents/autonomous-vehicle-end-to-end-control-project-template/build/perception_and_controller/build/lib/perception_and_controller
[2.984s] running install
[2.984s] running install_lib
[2.990s] copying /home/andres/Documents/autonomous-vehicle-end-to-end-control-project-template/build/perception_and_controller/build/lib/perception_and_controller/controller.py -> /home/andres/Documents/autonomous-vehicle-end-to-end-control-project-template/install/perception_and_controller/lib/python3.10/site-packages/perception_and_controller
[3.010s] byte-compiling /home/andres/Documents/autonomous-vehicle-end-to-end-control-project-template/install/perception_and_controller/lib/python3.10/site-packages/perception_and_controller/controller.py to controller.cpython-310.pyc
[3.015s] running install_data
[3.015s] running install_egg_info
[3.026s] removing '/home/andres/Documents/autonomous-vehicle-end-to-end-control-project-template/install/perception_and_controller/lib/python3.10/site-packages/perception_and_controller-0.0.0-py3.10.egg-info' (and everything under it)
[3.031s] Copying ../../../build/perception_and_controller/perception_and_controller.egg-info to /home/andres/Documents/autonomous-vehicle-end-to-end-control-project-template/install/perception_and_controller/lib/python3.10/site-packages/perception_and_controller-0.0.0-py3.10.egg-info
[3.032s] running install_scripts
[3.083s] Installing controller script to /home/andres/Documents/autonomous-vehicle-end-to-end-control-project-template/install/perception_and_controller/lib/perception_and_controller
[3.083s] Installing perception script to /home/andres/Documents/autonomous-vehicle-end-to-end-control-project-template/install/perception_and_controller/lib/perception_and_controller
[3.083s] writing list of installed files to '/home/andres/Documents/autonomous-vehicle-end-to-end-control-project-template/build/perception_and_controller/install.log'
[3.189s] Invoked command in '/home/andres/Documents/autonomous-vehicle-end-to-end-control-project-template/autonomous-vehicle-end-to-end-control-project-template/src/perception_and_controller' returned '0': PYTHONPATH=/home/andres/Documents/autonomous-vehicle-end-to-end-control-project-template/build/perception_and_controller/prefix_override:/usr/lib/python3/dist-packages/colcon_core/task/python/colcon_distutils_commands:/home/andres/Documents/autonomous-vehicle-end-to-end-control-project-template/install/perception_and_controller/lib/python3.10/site-packages:${PYTHONPATH} /usr/bin/python3 -W ignore:setup.py install is deprecated setup.py egg_info --egg-base ../../../build/perception_and_controller build --build-base /home/andres/Documents/autonomous-vehicle-end-to-end-control-project-template/build/perception_and_controller/build install --record /home/andres/Documents/autonomous-vehicle-end-to-end-control-project-template/build/perception_and_controller/install.log --single-version-externally-managed install_data
