running egg_info
creating ../../../build/perception_and_controller/perception_and_controller.egg-info
writing ../../../build/perception_and_controller/perception_and_controller.egg-info/PKG-INFO
writing dependency_links to ../../../build/perception_and_controller/perception_and_controller.egg-info/dependency_links.txt
writing entry points to ../../../build/perception_and_controller/perception_and_controller.egg-info/entry_points.txt
writing requirements to ../../../build/perception_and_controller/perception_and_controller.egg-info/requires.txt
writing top-level names to ../../../build/perception_and_controller/perception_and_controller.egg-info/top_level.txt
writing manifest file '../../../build/perception_and_controller/perception_and_controller.egg-info/SOURCES.txt'
reading manifest file '../../../build/perception_and_controller/perception_and_controller.egg-info/SOURCES.txt'
writing manifest file '../../../build/perception_and_controller/perception_and_controller.egg-info/SOURCES.txt'
running build
running build_py
creating /home/andres/Documents/autonomous-vehicle-end-to-end-control-project-template 1/build/perception_and_controller/build
creating /home/andres/Documents/autonomous-vehicle-end-to-end-control-project-template 1/build/perception_and_controller/build/lib
creating /home/andres/Documents/autonomous-vehicle-end-to-end-control-project-template 1/build/perception_and_controller/build/lib/perception_and_controller
copying perception_and_controller/rotation_utils.py -> /home/andres/Documents/autonomous-vehicle-end-to-end-control-project-template 1/build/perception_and_controller/build/lib/perception_and_controller
copying perception_and_controller/__init__.py -> /home/andres/Documents/autonomous-vehicle-end-to-end-control-project-template 1/build/perception_and_controller/build/lib/perception_and_controller
copying perception_and_controller/perception.py -> /home/andres/Documents/autonomous-vehicle-end-to-end-control-project-template 1/build/perception_and_controller/build/lib/perception_and_controller
copying perception_and_controller/controller.py -> /home/andres/Documents/autonomous-vehicle-end-to-end-control-project-template 1/build/perception_and_controller/build/lib/perception_and_controller
creating /home/andres/Documents/autonomous-vehicle-end-to-end-control-project-template 1/build/perception_and_controller/build/lib/Perception
copying Perception/evaluate.py -> /home/andres/Documents/autonomous-vehicle-end-to-end-control-project-template 1/build/perception_and_controller/build/lib/Perception
copying Perception/__init__.py -> /home/andres/Documents/autonomous-vehicle-end-to-end-control-project-template 1/build/perception_and_controller/build/lib/Perception
copying Perception/dataset_creator.py -> /home/andres/Documents/autonomous-vehicle-end-to-end-control-project-template 1/build/perception_and_controller/build/lib/Perception
copying Perception/train.py -> /home/andres/Documents/autonomous-vehicle-end-to-end-control-project-template 1/build/perception_and_controller/build/lib/Perception
creating /home/andres/Documents/autonomous-vehicle-end-to-end-control-project-template 1/build/perception_and_controller/build/lib/Perception/model
copying Perception/model/__init__.py -> /home/andres/Documents/autonomous-vehicle-end-to-end-control-project-template 1/build/perception_and_controller/build/lib/Perception/model
copying Perception/model/unet.py -> /home/andres/Documents/autonomous-vehicle-end-to-end-control-project-template 1/build/perception_and_controller/build/lib/Perception/model
creating /home/andres/Documents/autonomous-vehicle-end-to-end-control-project-template 1/build/perception_and_controller/build/lib/Perception/utils
copying Perception/utils/loses.py -> /home/andres/Documents/autonomous-vehicle-end-to-end-control-project-template 1/build/perception_and_controller/build/lib/Perception/utils
copying Perception/utils/__init__.py -> /home/andres/Documents/autonomous-vehicle-end-to-end-control-project-template 1/build/perception_and_controller/build/lib/Perception/utils
copying Perception/utils/utils.py -> /home/andres/Documents/autonomous-vehicle-end-to-end-control-project-template 1/build/perception_and_controller/build/lib/Perception/utils
copying Perception/utils/dataloader.py -> /home/andres/Documents/autonomous-vehicle-end-to-end-control-project-template 1/build/perception_and_controller/build/lib/Perception/utils
running install
running install_lib
creating /home/andres/Documents/autonomous-vehicle-end-to-end-control-project-template 1/install/perception_and_controller/lib/python3.10/site-packages/perception_and_controller
copying /home/andres/Documents/autonomous-vehicle-end-to-end-control-project-template 1/build/perception_and_controller/build/lib/perception_and_controller/rotation_utils.py -> /home/andres/Documents/autonomous-vehicle-end-to-end-control-project-template 1/install/perception_and_controller/lib/python3.10/site-packages/perception_and_controller
copying /home/andres/Documents/autonomous-vehicle-end-to-end-control-project-template 1/build/perception_and_controller/build/lib/perception_and_controller/__init__.py -> /home/andres/Documents/autonomous-vehicle-end-to-end-control-project-template 1/install/perception_and_controller/lib/python3.10/site-packages/perception_and_controller
copying /home/andres/Documents/autonomous-vehicle-end-to-end-control-project-template 1/build/perception_and_controller/build/lib/perception_and_controller/perception.py -> /home/andres/Documents/autonomous-vehicle-end-to-end-control-project-template 1/install/perception_and_controller/lib/python3.10/site-packages/perception_and_controller
copying /home/andres/Documents/autonomous-vehicle-end-to-end-control-project-template 1/build/perception_and_controller/build/lib/perception_and_controller/controller.py -> /home/andres/Documents/autonomous-vehicle-end-to-end-control-project-template 1/install/perception_and_controller/lib/python3.10/site-packages/perception_and_controller
creating /home/andres/Documents/autonomous-vehicle-end-to-end-control-project-template 1/install/perception_and_controller/lib/python3.10/site-packages/Perception
copying /home/andres/Documents/autonomous-vehicle-end-to-end-control-project-template 1/build/perception_and_controller/build/lib/Perception/evaluate.py -> /home/andres/Documents/autonomous-vehicle-end-to-end-control-project-template 1/install/perception_and_controller/lib/python3.10/site-packages/Perception
copying /home/andres/Documents/autonomous-vehicle-end-to-end-control-project-template 1/build/perception_and_controller/build/lib/Perception/__init__.py -> /home/andres/Documents/autonomous-vehicle-end-to-end-control-project-template 1/install/perception_and_controller/lib/python3.10/site-packages/Perception
copying /home/andres/Documents/autonomous-vehicle-end-to-end-control-project-template 1/build/perception_and_controller/build/lib/Perception/dataset_creator.py -> /home/andres/Documents/autonomous-vehicle-end-to-end-control-project-template 1/install/perception_and_controller/lib/python3.10/site-packages/Perception
creating /home/andres/Documents/autonomous-vehicle-end-to-end-control-project-template 1/install/perception_and_controller/lib/python3.10/site-packages/Perception/model
copying /home/andres/Documents/autonomous-vehicle-end-to-end-control-project-template 1/build/perception_and_controller/build/lib/Perception/model/__init__.py -> /home/andres/Documents/autonomous-vehicle-end-to-end-control-project-template 1/install/perception_and_controller/lib/python3.10/site-packages/Perception/model
copying /home/andres/Documents/autonomous-vehicle-end-to-end-control-project-template 1/build/perception_and_controller/build/lib/Perception/model/unet.py -> /home/andres/Documents/autonomous-vehicle-end-to-end-control-project-template 1/install/perception_and_controller/lib/python3.10/site-packages/Perception/model
copying /home/andres/Documents/autonomous-vehicle-end-to-end-control-project-template 1/build/perception_and_controller/build/lib/Perception/train.py -> /home/andres/Documents/autonomous-vehicle-end-to-end-control-project-template 1/install/perception_and_controller/lib/python3.10/site-packages/Perception
creating /home/andres/Documents/autonomous-vehicle-end-to-end-control-project-template 1/install/perception_and_controller/lib/python3.10/site-packages/Perception/utils
copying /home/andres/Documents/autonomous-vehicle-end-to-end-control-project-template 1/build/perception_and_controller/build/lib/Perception/utils/loses.py -> /home/andres/Documents/autonomous-vehicle-end-to-end-control-project-template 1/install/perception_and_controller/lib/python3.10/site-packages/Perception/utils
copying /home/andres/Documents/autonomous-vehicle-end-to-end-control-project-template 1/build/perception_and_controller/build/lib/Perception/utils/__init__.py -> /home/andres/Documents/autonomous-vehicle-end-to-end-control-project-template 1/install/perception_and_controller/lib/python3.10/site-packages/Perception/utils
copying /home/andres/Documents/autonomous-vehicle-end-to-end-control-project-template 1/build/perception_and_controller/build/lib/Perception/utils/utils.py -> /home/andres/Documents/autonomous-vehicle-end-to-end-control-project-template 1/install/perception_and_controller/lib/python3.10/site-packages/Perception/utils
copying /home/andres/Documents/autonomous-vehicle-end-to-end-control-project-template 1/build/perception_and_controller/build/lib/Perception/utils/dataloader.py -> /home/andres/Documents/autonomous-vehicle-end-to-end-control-project-template 1/install/perception_and_controller/lib/python3.10/site-packages/Perception/utils
byte-compiling /home/andres/Documents/autonomous-vehicle-end-to-end-control-project-template 1/install/perception_and_controller/lib/python3.10/site-packages/perception_and_controller/rotation_utils.py to rotation_utils.cpython-310.pyc
byte-compiling /home/andres/Documents/autonomous-vehicle-end-to-end-control-project-template 1/install/perception_and_controller/lib/python3.10/site-packages/perception_and_controller/__init__.py to __init__.cpython-310.pyc
byte-compiling /home/andres/Documents/autonomous-vehicle-end-to-end-control-project-template 1/install/perception_and_controller/lib/python3.10/site-packages/perception_and_controller/perception.py to perception.cpython-310.pyc
byte-compiling /home/andres/Documents/autonomous-vehicle-end-to-end-control-project-template 1/install/perception_and_controller/lib/python3.10/site-packages/perception_and_controller/controller.py to controller.cpython-310.pyc
byte-compiling /home/andres/Documents/autonomous-vehicle-end-to-end-control-project-template 1/install/perception_and_controller/lib/python3.10/site-packages/Perception/evaluate.py to evaluate.cpython-310.pyc
byte-compiling /home/andres/Documents/autonomous-vehicle-end-to-end-control-project-template 1/install/perception_and_controller/lib/python3.10/site-packages/Perception/__init__.py to __init__.cpython-310.pyc
byte-compiling /home/andres/Documents/autonomous-vehicle-end-to-end-control-project-template 1/install/perception_and_controller/lib/python3.10/site-packages/Perception/dataset_creator.py to dataset_creator.cpython-310.pyc
byte-compiling /home/andres/Documents/autonomous-vehicle-end-to-end-control-project-template 1/install/perception_and_controller/lib/python3.10/site-packages/Perception/model/__init__.py to __init__.cpython-310.pyc
byte-compiling /home/andres/Documents/autonomous-vehicle-end-to-end-control-project-template 1/install/perception_and_controller/lib/python3.10/site-packages/Perception/model/unet.py to unet.cpython-310.pyc
byte-compiling /home/andres/Documents/autonomous-vehicle-end-to-end-control-project-template 1/install/perception_and_controller/lib/python3.10/site-packages/Perception/train.py to train.cpython-310.pyc
byte-compiling /home/andres/Documents/autonomous-vehicle-end-to-end-control-project-template 1/install/perception_and_controller/lib/python3.10/site-packages/Perception/utils/loses.py to loses.cpython-310.pyc
byte-compiling /home/andres/Documents/autonomous-vehicle-end-to-end-control-project-template 1/install/perception_and_controller/lib/python3.10/site-packages/Perception/utils/__init__.py to __init__.cpython-310.pyc
byte-compiling /home/andres/Documents/autonomous-vehicle-end-to-end-control-project-template 1/install/perception_and_controller/lib/python3.10/site-packages/Perception/utils/utils.py to utils.cpython-310.pyc
byte-compiling /home/andres/Documents/autonomous-vehicle-end-to-end-control-project-template 1/install/perception_and_controller/lib/python3.10/site-packages/Perception/utils/dataloader.py to dataloader.cpython-310.pyc
running install_data
creating /home/andres/Documents/autonomous-vehicle-end-to-end-control-project-template 1/install/perception_and_controller/share/ament_index
creating /home/andres/Documents/autonomous-vehicle-end-to-end-control-project-template 1/install/perception_and_controller/share/ament_index/resource_index
creating /home/andres/Documents/autonomous-vehicle-end-to-end-control-project-template 1/install/perception_and_controller/share/ament_index/resource_index/packages
copying resource/perception_and_controller -> /home/andres/Documents/autonomous-vehicle-end-to-end-control-project-template 1/install/perception_and_controller/share/ament_index/resource_index/packages
copying package.xml -> /home/andres/Documents/autonomous-vehicle-end-to-end-control-project-template 1/install/perception_and_controller/share/perception_and_controller
running install_egg_info
Copying ../../../build/perception_and_controller/perception_and_controller.egg-info to /home/andres/Documents/autonomous-vehicle-end-to-end-control-project-template 1/install/perception_and_controller/lib/python3.10/site-packages/perception_and_controller-0.0.0-py3.10.egg-info
running install_scripts
Installing controller script to /home/andres/Documents/autonomous-vehicle-end-to-end-control-project-template 1/install/perception_and_controller/lib/perception_and_controller
Installing perception script to /home/andres/Documents/autonomous-vehicle-end-to-end-control-project-template 1/install/perception_and_controller/lib/perception_and_controller
writing list of installed files to '/home/andres/Documents/autonomous-vehicle-end-to-end-control-project-template 1/build/perception_and_controller/install.log'
