[1.911s] Invoking command in '/home/andres/Documents/autonomous-vehicle-end-to-end-control-project-template 1/autonomous-vehicle-end-to-end-control-project-template/src/perception_and_controller': PYTHONPATH=/home/andres/Documents/autonomous-vehicle-end-to-end-control-project-template 1/build/perception_and_controller/prefix_override:/usr/lib/python3/dist-packages/colcon_core/task/python/colcon_distutils_commands:/home/andres/Documents/autonomous-vehicle-end-to-end-control-project-template 1/install/perception_and_controller/lib/python3.10/site-packages:${PYTHONPATH} /usr/bin/python3 -W ignore:setup.py install is deprecated setup.py egg_info --egg-base ../../../build/perception_and_controller build --build-base /home/andres/Documents/autonomous-vehicle-end-to-end-control-project-template 1/build/perception_and_controller/build install --record /home/andres/Documents/autonomous-vehicle-end-to-end-control-project-template 1/build/perception_and_controller/install.log --single-version-externally-managed install_data
[2.318s] running egg_info
[2.322s] creating ../../../build/perception_and_controller/perception_and_controller.egg-info
[2.322s] writing ../../../build/perception_and_controller/perception_and_controller.egg-info/PKG-INFO
[2.322s] writing dependency_links to ../../../build/perception_and_controller/perception_and_controller.egg-info/dependency_links.txt
[2.322s] writing entry points to ../../../build/perception_and_controller/perception_and_controller.egg-info/entry_points.txt
[2.326s] writing requirements to ../../../build/perception_and_controller/perception_and_controller.egg-info/requires.txt
[2.327s] writing top-level names to ../../../build/perception_and_controller/perception_and_controller.egg-info/top_level.txt
[2.327s] writing manifest file '../../../build/perception_and_controller/perception_and_controller.egg-info/SOURCES.txt'
[2.328s] reading manifest file '../../../build/perception_and_controller/perception_and_controller.egg-info/SOURCES.txt'
[2.330s] writing manifest file '../../../build/perception_and_controller/perception_and_controller.egg-info/SOURCES.txt'
[2.330s] running build
[2.330s] running build_py
[2.330s] creating /home/andres/Documents/autonomous-vehicle-end-to-end-control-project-template 1/build/perception_and_controller/build
[2.330s] creating /home/andres/Documents/autonomous-vehicle-end-to-end-control-project-template 1/build/perception_and_controller/build/lib
[2.331s] creating /home/andres/Documents/autonomous-vehicle-end-to-end-control-project-template 1/build/perception_and_controller/build/lib/perception_and_controller
[2.331s] copying perception_and_controller/rotation_utils.py -> /home/andres/Documents/autonomous-vehicle-end-to-end-control-project-template 1/build/perception_and_controller/build/lib/perception_and_controller
[2.331s] copying perception_and_controller/__init__.py -> /home/andres/Documents/autonomous-vehicle-end-to-end-control-project-template 1/build/perception_and_controller/build/lib/perception_and_controller
[2.331s] copying perception_and_controller/perception.py -> /home/andres/Documents/autonomous-vehicle-end-to-end-control-project-template 1/build/perception_and_controller/build/lib/perception_and_controller
[2.337s] copying perception_and_controller/controller.py -> /home/andres/Documents/autonomous-vehicle-end-to-end-control-project-template 1/build/perception_and_controller/build/lib/perception_and_controller
[2.338s] creating /home/andres/Documents/autonomous-vehicle-end-to-end-control-project-template 1/build/perception_and_controller/build/lib/Perception
[2.338s] copying Perception/evaluate.py -> /home/andres/Documents/autonomous-vehicle-end-to-end-control-project-template 1/build/perception_and_controller/build/lib/Perception
[2.341s] copying Perception/__init__.py -> /home/andres/Documents/autonomous-vehicle-end-to-end-control-project-template 1/build/perception_and_controller/build/lib/Perception
[2.342s] copying Perception/dataset_creator.py -> /home/andres/Documents/autonomous-vehicle-end-to-end-control-project-template 1/build/perception_and_controller/build/lib/Perception
[2.342s] copying Perception/train.py -> /home/andres/Documents/autonomous-vehicle-end-to-end-control-project-template 1/build/perception_and_controller/build/lib/Perception
[2.342s] creating /home/andres/Documents/autonomous-vehicle-end-to-end-control-project-template 1/build/perception_and_controller/build/lib/Perception/model
[2.342s] copying Perception/model/__init__.py -> /home/andres/Documents/autonomous-vehicle-end-to-end-control-project-template 1/build/perception_and_controller/build/lib/Perception/model
[2.342s] copying Perception/model/unet.py -> /home/andres/Documents/autonomous-vehicle-end-to-end-control-project-template 1/build/perception_and_controller/build/lib/Perception/model
[2.342s] creating /home/andres/Documents/autonomous-vehicle-end-to-end-control-project-template 1/build/perception_and_controller/build/lib/Perception/utils
[2.342s] copying Perception/utils/loses.py -> /home/andres/Documents/autonomous-vehicle-end-to-end-control-project-template 1/build/perception_and_controller/build/lib/Perception/utils
[2.342s] copying Perception/utils/__init__.py -> /home/andres/Documents/autonomous-vehicle-end-to-end-control-project-template 1/build/perception_and_controller/build/lib/Perception/utils
[2.342s] copying Perception/utils/utils.py -> /home/andres/Documents/autonomous-vehicle-end-to-end-control-project-template 1/build/perception_and_controller/build/lib/Perception/utils
[2.343s] copying Perception/utils/dataloader.py -> /home/andres/Documents/autonomous-vehicle-end-to-end-control-project-template 1/build/perception_and_controller/build/lib/Perception/utils
[2.343s] running install
[2.343s] running install_lib
[2.344s] creating /home/andres/Documents/autonomous-vehicle-end-to-end-control-project-template 1/install/perception_and_controller/lib/python3.10/site-packages/perception_and_controller
[2.344s] copying /home/andres/Documents/autonomous-vehicle-end-to-end-control-project-template 1/build/perception_and_controller/build/lib/perception_and_controller/rotation_utils.py -> /home/andres/Documents/autonomous-vehicle-end-to-end-control-project-template 1/install/perception_and_controller/lib/python3.10/site-packages/perception_and_controller
[2.344s] copying /home/andres/Documents/autonomous-vehicle-end-to-end-control-project-template 1/build/perception_and_controller/build/lib/perception_and_controller/__init__.py -> /home/andres/Documents/autonomous-vehicle-end-to-end-control-project-template 1/install/perception_and_controller/lib/python3.10/site-packages/perception_and_controller
[2.345s] copying /home/andres/Documents/autonomous-vehicle-end-to-end-control-project-template 1/build/perception_and_controller/build/lib/perception_and_controller/perception.py -> /home/andres/Documents/autonomous-vehicle-end-to-end-control-project-template 1/install/perception_and_controller/lib/python3.10/site-packages/perception_and_controller
[2.345s] copying /home/andres/Documents/autonomous-vehicle-end-to-end-control-project-template 1/build/perception_and_controller/build/lib/perception_and_controller/controller.py -> /home/andres/Documents/autonomous-vehicle-end-to-end-control-project-template 1/install/perception_and_controller/lib/python3.10/site-packages/perception_and_controller
[2.345s] creating /home/andres/Documents/autonomous-vehicle-end-to-end-control-project-template 1/install/perception_and_controller/lib/python3.10/site-packages/Perception
[2.347s] copying /home/andres/Documents/autonomous-vehicle-end-to-end-control-project-template 1/build/perception_and_controller/build/lib/Perception/evaluate.py -> /home/andres/Documents/autonomous-vehicle-end-to-end-control-project-template 1/install/perception_and_controller/lib/python3.10/site-packages/Perception
[2.347s] copying /home/andres/Documents/autonomous-vehicle-end-to-end-control-project-template 1/build/perception_and_controller/build/lib/Perception/__init__.py -> /home/andres/Documents/autonomous-vehicle-end-to-end-control-project-template 1/install/perception_and_controller/lib/python3.10/site-packages/Perception
[2.347s] copying /home/andres/Documents/autonomous-vehicle-end-to-end-control-project-template 1/build/perception_and_controller/build/lib/Perception/dataset_creator.py -> /home/andres/Documents/autonomous-vehicle-end-to-end-control-project-template 1/install/perception_and_controller/lib/python3.10/site-packages/Perception
[2.347s] creating /home/andres/Documents/autonomous-vehicle-end-to-end-control-project-template 1/install/perception_and_controller/lib/python3.10/site-packages/Perception/model
[2.347s] copying /home/andres/Documents/autonomous-vehicle-end-to-end-control-project-template 1/build/perception_and_controller/build/lib/Perception/model/__init__.py -> /home/andres/Documents/autonomous-vehicle-end-to-end-control-project-template 1/install/perception_and_controller/lib/python3.10/site-packages/Perception/model
[2.348s] copying /home/andres/Documents/autonomous-vehicle-end-to-end-control-project-template 1/build/perception_and_controller/build/lib/Perception/model/unet.py -> /home/andres/Documents/autonomous-vehicle-end-to-end-control-project-template 1/install/perception_and_controller/lib/python3.10/site-packages/Perception/model
[2.348s] copying /home/andres/Documents/autonomous-vehicle-end-to-end-control-project-template 1/build/perception_and_controller/build/lib/Perception/train.py -> /home/andres/Documents/autonomous-vehicle-end-to-end-control-project-template 1/install/perception_and_controller/lib/python3.10/site-packages/Perception
[2.348s] creating /home/andres/Documents/autonomous-vehicle-end-to-end-control-project-template 1/install/perception_and_controller/lib/python3.10/site-packages/Perception/utils
[2.348s] copying /home/andres/Documents/autonomous-vehicle-end-to-end-control-project-template 1/build/perception_and_controller/build/lib/Perception/utils/loses.py -> /home/andres/Documents/autonomous-vehicle-end-to-end-control-project-template 1/install/perception_and_controller/lib/python3.10/site-packages/Perception/utils
[2.349s] copying /home/andres/Documents/autonomous-vehicle-end-to-end-control-project-template 1/build/perception_and_controller/build/lib/Perception/utils/__init__.py -> /home/andres/Documents/autonomous-vehicle-end-to-end-control-project-template 1/install/perception_and_controller/lib/python3.10/site-packages/Perception/utils
[2.350s] copying /home/andres/Documents/autonomous-vehicle-end-to-end-control-project-template 1/build/perception_and_controller/build/lib/Perception/utils/utils.py -> /home/andres/Documents/autonomous-vehicle-end-to-end-control-project-template 1/install/perception_and_controller/lib/python3.10/site-packages/Perception/utils
[2.350s] copying /home/andres/Documents/autonomous-vehicle-end-to-end-control-project-template 1/build/perception_and_controller/build/lib/Perception/utils/dataloader.py -> /home/andres/Documents/autonomous-vehicle-end-to-end-control-project-template 1/install/perception_and_controller/lib/python3.10/site-packages/Perception/utils
[2.351s] byte-compiling /home/andres/Documents/autonomous-vehicle-end-to-end-control-project-template 1/install/perception_and_controller/lib/python3.10/site-packages/perception_and_controller/rotation_utils.py to rotation_utils.cpython-310.pyc
[2.352s] byte-compiling /home/andres/Documents/autonomous-vehicle-end-to-end-control-project-template 1/install/perception_and_controller/lib/python3.10/site-packages/perception_and_controller/__init__.py to __init__.cpython-310.pyc
[2.352s] byte-compiling /home/andres/Documents/autonomous-vehicle-end-to-end-control-project-template 1/install/perception_and_controller/lib/python3.10/site-packages/perception_and_controller/perception.py to perception.cpython-310.pyc
[2.354s] byte-compiling /home/andres/Documents/autonomous-vehicle-end-to-end-control-project-template 1/install/perception_and_controller/lib/python3.10/site-packages/perception_and_controller/controller.py to controller.cpython-310.pyc
[2.355s] byte-compiling /home/andres/Documents/autonomous-vehicle-end-to-end-control-project-template 1/install/perception_and_controller/lib/python3.10/site-packages/Perception/evaluate.py to evaluate.cpython-310.pyc
[2.355s] byte-compiling /home/andres/Documents/autonomous-vehicle-end-to-end-control-project-template 1/install/perception_and_controller/lib/python3.10/site-packages/Perception/__init__.py to __init__.cpython-310.pyc
[2.356s] byte-compiling /home/andres/Documents/autonomous-vehicle-end-to-end-control-project-template 1/install/perception_and_controller/lib/python3.10/site-packages/Perception/dataset_creator.py to dataset_creator.cpython-310.pyc
[2.356s] byte-compiling /home/andres/Documents/autonomous-vehicle-end-to-end-control-project-template 1/install/perception_and_controller/lib/python3.10/site-packages/Perception/model/__init__.py to __init__.cpython-310.pyc
[2.357s] byte-compiling /home/andres/Documents/autonomous-vehicle-end-to-end-control-project-template 1/install/perception_and_controller/lib/python3.10/site-packages/Perception/model/unet.py to unet.cpython-310.pyc
[2.359s] byte-compiling /home/andres/Documents/autonomous-vehicle-end-to-end-control-project-template 1/install/perception_and_controller/lib/python3.10/site-packages/Perception/train.py to train.cpython-310.pyc
[2.361s] byte-compiling /home/andres/Documents/autonomous-vehicle-end-to-end-control-project-template 1/install/perception_and_controller/lib/python3.10/site-packages/Perception/utils/loses.py to loses.cpython-310.pyc
[2.361s] byte-compiling /home/andres/Documents/autonomous-vehicle-end-to-end-control-project-template 1/install/perception_and_controller/lib/python3.10/site-packages/Perception/utils/__init__.py to __init__.cpython-310.pyc
[2.362s] byte-compiling /home/andres/Documents/autonomous-vehicle-end-to-end-control-project-template 1/install/perception_and_controller/lib/python3.10/site-packages/Perception/utils/utils.py to utils.cpython-310.pyc
[2.364s] byte-compiling /home/andres/Documents/autonomous-vehicle-end-to-end-control-project-template 1/install/perception_and_controller/lib/python3.10/site-packages/Perception/utils/dataloader.py to dataloader.cpython-310.pyc
[2.366s] running install_data
[2.366s] creating /home/andres/Documents/autonomous-vehicle-end-to-end-control-project-template 1/install/perception_and_controller/share/ament_index
[2.367s] creating /home/andres/Documents/autonomous-vehicle-end-to-end-control-project-template 1/install/perception_and_controller/share/ament_index/resource_index
[2.367s] creating /home/andres/Documents/autonomous-vehicle-end-to-end-control-project-template 1/install/perception_and_controller/share/ament_index/resource_index/packages
[2.367s] copying resource/perception_and_controller -> /home/andres/Documents/autonomous-vehicle-end-to-end-control-project-template 1/install/perception_and_controller/share/ament_index/resource_index/packages
[2.367s] copying package.xml -> /home/andres/Documents/autonomous-vehicle-end-to-end-control-project-template 1/install/perception_and_controller/share/perception_and_controller
[2.367s] running install_egg_info
[2.373s] Copying ../../../build/perception_and_controller/perception_and_controller.egg-info to /home/andres/Documents/autonomous-vehicle-end-to-end-control-project-template 1/install/perception_and_controller/lib/python3.10/site-packages/perception_and_controller-0.0.0-py3.10.egg-info
[2.373s] running install_scripts
[2.404s] Installing controller script to /home/andres/Documents/autonomous-vehicle-end-to-end-control-project-template 1/install/perception_and_controller/lib/perception_and_controller
[2.405s] Installing perception script to /home/andres/Documents/autonomous-vehicle-end-to-end-control-project-template 1/install/perception_and_controller/lib/perception_and_controller
[2.406s] writing list of installed files to '/home/andres/Documents/autonomous-vehicle-end-to-end-control-project-template 1/build/perception_and_controller/install.log'
[2.502s] Invoked command in '/home/andres/Documents/autonomous-vehicle-end-to-end-control-project-template 1/autonomous-vehicle-end-to-end-control-project-template/src/perception_and_controller' returned '0': PYTHONPATH=/home/andres/Documents/autonomous-vehicle-end-to-end-control-project-template 1/build/perception_and_controller/prefix_override:/usr/lib/python3/dist-packages/colcon_core/task/python/colcon_distutils_commands:/home/andres/Documents/autonomous-vehicle-end-to-end-control-project-template 1/install/perception_and_controller/lib/python3.10/site-packages:${PYTHONPATH} /usr/bin/python3 -W ignore:setup.py install is deprecated setup.py egg_info --egg-base ../../../build/perception_and_controller build --build-base /home/andres/Documents/autonomous-vehicle-end-to-end-control-project-template 1/build/perception_and_controller/build install --record /home/andres/Documents/autonomous-vehicle-end-to-end-control-project-template 1/build/perception_and_controller/install.log --single-version-externally-managed install_data
