[0.257s] DEBUG:colcon:Command line arguments: ['/usr/bin/colcon', 'build']
[0.258s] DEBUG:colcon:Parsed command line arguments: Namespace(log_base=None, log_level=None, verb_name='build', build_base='build', install_base='install', merge_install=False, symlink_install=False, test_result_base=None, continue_on_error=False, executor='parallel', parallel_workers=4, event_handlers=None, ignore_user_meta=False, metas=['./colcon.meta'], base_paths=['.'], packages_ignore=None, packages_ignore_regex=None, paths=None, packages_up_to=None, packages_up_to_regex=None, packages_above=None, packages_above_and_dependencies=None, packages_above_depth=None, packages_select_by_dep=None, packages_skip_by_dep=None, packages_skip_up_to=None, packages_select_build_failed=False, packages_skip_build_finished=False, packages_select_test_failures=False, packages_skip_test_passed=False, packages_select=None, packages_skip=None, packages_select_regex=None, packages_skip_regex=None, packages_start=None, packages_end=None, allow_overriding=[], cmake_args=None, cmake_target=None, cmake_target_skip_unavailable=False, cmake_clean_cache=False, cmake_clean_first=False, cmake_force_configure=False, ament_cmake_args=None, catkin_cmake_args=None, catkin_skip_building_tests=False, mixin_files=None, mixin=None, verb_parser=<colcon_mixin.mixin.mixin_argument.MixinArgumentDecorator object at 0x70c00c94b430>, verb_extension=<colcon_core.verb.build.BuildVerb object at 0x70c00caf4dc0>, main=<bound method BuildVerb.main of <colcon_core.verb.build.BuildVerb object at 0x70c00caf4dc0>>, mixin_verb=('build',))
[0.637s] Level 1:colcon.colcon_core.package_discovery:discover_packages(colcon_meta) check parameters
[0.638s] Level 1:colcon.colcon_core.package_discovery:discover_packages(recursive) check parameters
[0.638s] Level 1:colcon.colcon_core.package_discovery:discover_packages(ignore) check parameters
[0.638s] Level 1:colcon.colcon_core.package_discovery:discover_packages(path) check parameters
[0.639s] Level 1:colcon.colcon_core.package_discovery:discover_packages(colcon_meta) discover
[0.639s] Level 1:colcon.colcon_core.package_discovery:discover_packages(recursive) discover
[0.639s] INFO:colcon.colcon_core.package_discovery:Crawling recursively for packages in '/home/andres/Documents/autonomous-vehicle-end-to-end-control-project-template'
[0.639s] Level 1:colcon.colcon_core.package_identification:_identify(.) by extensions ['ignore', 'ignore_ament_install']
[0.639s] Level 1:colcon.colcon_core.package_identification:_identify(.) by extension 'ignore'
[0.639s] Level 1:colcon.colcon_core.package_identification:_identify(.) by extension 'ignore_ament_install'
[0.639s] Level 1:colcon.colcon_core.package_identification:_identify(.) by extensions ['colcon_pkg']
[0.640s] Level 1:colcon.colcon_core.package_identification:_identify(.) by extension 'colcon_pkg'
[0.640s] Level 1:colcon.colcon_core.package_identification:_identify(.) by extensions ['colcon_meta']
[0.640s] Level 1:colcon.colcon_core.package_identification:_identify(.) by extension 'colcon_meta'
[0.640s] Level 1:colcon.colcon_core.package_identification:_identify(.) by extensions ['ros']
[0.640s] Level 1:colcon.colcon_core.package_identification:_identify(.) by extension 'ros'
[0.666s] Level 1:colcon.colcon_core.package_identification:_identify(.) by extensions ['cmake', 'python']
[0.666s] Level 1:colcon.colcon_core.package_identification:_identify(.) by extension 'cmake'
[0.666s] Level 1:colcon.colcon_core.package_identification:_identify(.) by extension 'python'
[0.666s] Level 1:colcon.colcon_core.package_identification:_identify(.) by extensions ['python_setup_py']
[0.666s] Level 1:colcon.colcon_core.package_identification:_identify(.) by extension 'python_setup_py'
[0.667s] Level 1:colcon.colcon_core.package_identification:_identify(autonomous-vehicle-end-to-end-control-project-template) by extensions ['ignore', 'ignore_ament_install']
[0.667s] Level 1:colcon.colcon_core.package_identification:_identify(autonomous-vehicle-end-to-end-control-project-template) by extension 'ignore'
[0.667s] Level 1:colcon.colcon_core.package_identification:_identify(autonomous-vehicle-end-to-end-control-project-template) by extension 'ignore_ament_install'
[0.667s] Level 1:colcon.colcon_core.package_identification:_identify(autonomous-vehicle-end-to-end-control-project-template) by extensions ['colcon_pkg']
[0.667s] Level 1:colcon.colcon_core.package_identification:_identify(autonomous-vehicle-end-to-end-control-project-template) by extension 'colcon_pkg'
[0.667s] Level 1:colcon.colcon_core.package_identification:_identify(autonomous-vehicle-end-to-end-control-project-template) by extensions ['colcon_meta']
[0.667s] Level 1:colcon.colcon_core.package_identification:_identify(autonomous-vehicle-end-to-end-control-project-template) by extension 'colcon_meta'
[0.667s] Level 1:colcon.colcon_core.package_identification:_identify(autonomous-vehicle-end-to-end-control-project-template) by extensions ['ros']
[0.667s] Level 1:colcon.colcon_core.package_identification:_identify(autonomous-vehicle-end-to-end-control-project-template) by extension 'ros'
[0.667s] Level 1:colcon.colcon_core.package_identification:_identify(autonomous-vehicle-end-to-end-control-project-template) by extensions ['cmake', 'python']
[0.667s] Level 1:colcon.colcon_core.package_identification:_identify(autonomous-vehicle-end-to-end-control-project-template) by extension 'cmake'
[0.667s] Level 1:colcon.colcon_core.package_identification:_identify(autonomous-vehicle-end-to-end-control-project-template) by extension 'python'
[0.668s] Level 1:colcon.colcon_core.package_identification:_identify(autonomous-vehicle-end-to-end-control-project-template) by extensions ['python_setup_py']
[0.668s] Level 1:colcon.colcon_core.package_identification:_identify(autonomous-vehicle-end-to-end-control-project-template) by extension 'python_setup_py'
[0.668s] Level 1:colcon.colcon_core.package_identification:_identify(autonomous-vehicle-end-to-end-control-project-template/build) by extensions ['ignore', 'ignore_ament_install']
[0.668s] Level 1:colcon.colcon_core.package_identification:_identify(autonomous-vehicle-end-to-end-control-project-template/build) by extension 'ignore'
[0.668s] Level 1:colcon.colcon_core.package_identification:_identify(autonomous-vehicle-end-to-end-control-project-template/build) ignored
[0.669s] Level 1:colcon.colcon_core.package_identification:_identify(autonomous-vehicle-end-to-end-control-project-template/install) by extensions ['ignore', 'ignore_ament_install']
[0.669s] Level 1:colcon.colcon_core.package_identification:_identify(autonomous-vehicle-end-to-end-control-project-template/install) by extension 'ignore'
[0.669s] Level 1:colcon.colcon_core.package_identification:_identify(autonomous-vehicle-end-to-end-control-project-template/install) ignored
[0.670s] Level 1:colcon.colcon_core.package_identification:_identify(autonomous-vehicle-end-to-end-control-project-template/log) by extensions ['ignore', 'ignore_ament_install']
[0.670s] Level 1:colcon.colcon_core.package_identification:_identify(autonomous-vehicle-end-to-end-control-project-template/log) by extension 'ignore'
[0.670s] Level 1:colcon.colcon_core.package_identification:_identify(autonomous-vehicle-end-to-end-control-project-template/log) ignored
[0.671s] Level 1:colcon.colcon_core.package_identification:_identify(autonomous-vehicle-end-to-end-control-project-template/src) by extensions ['ignore', 'ignore_ament_install']
[0.671s] Level 1:colcon.colcon_core.package_identification:_identify(autonomous-vehicle-end-to-end-control-project-template/src) by extension 'ignore'
[0.671s] Level 1:colcon.colcon_core.package_identification:_identify(autonomous-vehicle-end-to-end-control-project-template/src) by extension 'ignore_ament_install'
[0.672s] Level 1:colcon.colcon_core.package_identification:_identify(autonomous-vehicle-end-to-end-control-project-template/src) by extensions ['colcon_pkg']
[0.672s] Level 1:colcon.colcon_core.package_identification:_identify(autonomous-vehicle-end-to-end-control-project-template/src) by extension 'colcon_pkg'
[0.672s] Level 1:colcon.colcon_core.package_identification:_identify(autonomous-vehicle-end-to-end-control-project-template/src) by extensions ['colcon_meta']
[0.673s] Level 1:colcon.colcon_core.package_identification:_identify(autonomous-vehicle-end-to-end-control-project-template/src) by extension 'colcon_meta'
[0.673s] Level 1:colcon.colcon_core.package_identification:_identify(autonomous-vehicle-end-to-end-control-project-template/src) by extensions ['ros']
[0.673s] Level 1:colcon.colcon_core.package_identification:_identify(autonomous-vehicle-end-to-end-control-project-template/src) by extension 'ros'
[0.673s] Level 1:colcon.colcon_core.package_identification:_identify(autonomous-vehicle-end-to-end-control-project-template/src) by extensions ['cmake', 'python']
[0.673s] Level 1:colcon.colcon_core.package_identification:_identify(autonomous-vehicle-end-to-end-control-project-template/src) by extension 'cmake'
[0.673s] Level 1:colcon.colcon_core.package_identification:_identify(autonomous-vehicle-end-to-end-control-project-template/src) by extension 'python'
[0.673s] Level 1:colcon.colcon_core.package_identification:_identify(autonomous-vehicle-end-to-end-control-project-template/src) by extensions ['python_setup_py']
[0.673s] Level 1:colcon.colcon_core.package_identification:_identify(autonomous-vehicle-end-to-end-control-project-template/src) by extension 'python_setup_py'
[0.674s] Level 1:colcon.colcon_core.package_identification:_identify(autonomous-vehicle-end-to-end-control-project-template/src/gazebo_project) by extensions ['ignore', 'ignore_ament_install']
[0.674s] Level 1:colcon.colcon_core.package_identification:_identify(autonomous-vehicle-end-to-end-control-project-template/src/gazebo_project) by extension 'ignore'
[0.674s] Level 1:colcon.colcon_core.package_identification:_identify(autonomous-vehicle-end-to-end-control-project-template/src/gazebo_project) by extension 'ignore_ament_install'
[0.674s] Level 1:colcon.colcon_core.package_identification:_identify(autonomous-vehicle-end-to-end-control-project-template/src/gazebo_project) by extensions ['colcon_pkg']
[0.674s] Level 1:colcon.colcon_core.package_identification:_identify(autonomous-vehicle-end-to-end-control-project-template/src/gazebo_project) by extension 'colcon_pkg'
[0.675s] Level 1:colcon.colcon_core.package_identification:_identify(autonomous-vehicle-end-to-end-control-project-template/src/gazebo_project) by extensions ['colcon_meta']
[0.675s] Level 1:colcon.colcon_core.package_identification:_identify(autonomous-vehicle-end-to-end-control-project-template/src/gazebo_project) by extension 'colcon_meta'
[0.675s] Level 1:colcon.colcon_core.package_identification:_identify(autonomous-vehicle-end-to-end-control-project-template/src/gazebo_project) by extensions ['ros']
[0.676s] Level 1:colcon.colcon_core.package_identification:_identify(autonomous-vehicle-end-to-end-control-project-template/src/gazebo_project) by extension 'ros'
[0.681s] DEBUG:colcon.colcon_core.package_identification:Package 'autonomous-vehicle-end-to-end-control-project-template/src/gazebo_project' with type 'ros.ament_python' and name 'gazebo_project'
[0.681s] Level 1:colcon.colcon_core.package_identification:_identify(autonomous-vehicle-end-to-end-control-project-template/src/perception_and_controller) by extensions ['ignore', 'ignore_ament_install']
[0.682s] Level 1:colcon.colcon_core.package_identification:_identify(autonomous-vehicle-end-to-end-control-project-template/src/perception_and_controller) by extension 'ignore'
[0.682s] Level 1:colcon.colcon_core.package_identification:_identify(autonomous-vehicle-end-to-end-control-project-template/src/perception_and_controller) by extension 'ignore_ament_install'
[0.682s] Level 1:colcon.colcon_core.package_identification:_identify(autonomous-vehicle-end-to-end-control-project-template/src/perception_and_controller) by extensions ['colcon_pkg']
[0.682s] Level 1:colcon.colcon_core.package_identification:_identify(autonomous-vehicle-end-to-end-control-project-template/src/perception_and_controller) by extension 'colcon_pkg'
[0.682s] Level 1:colcon.colcon_core.package_identification:_identify(autonomous-vehicle-end-to-end-control-project-template/src/perception_and_controller) by extensions ['colcon_meta']
[0.683s] Level 1:colcon.colcon_core.package_identification:_identify(autonomous-vehicle-end-to-end-control-project-template/src/perception_and_controller) by extension 'colcon_meta'
[0.683s] Level 1:colcon.colcon_core.package_identification:_identify(autonomous-vehicle-end-to-end-control-project-template/src/perception_and_controller) by extensions ['ros']
[0.683s] Level 1:colcon.colcon_core.package_identification:_identify(autonomous-vehicle-end-to-end-control-project-template/src/perception_and_controller) by extension 'ros'
[0.685s] DEBUG:colcon.colcon_core.package_identification:Package 'autonomous-vehicle-end-to-end-control-project-template/src/perception_and_controller' with type 'ros.ament_python' and name 'perception_and_controller'
[0.685s] Level 1:colcon.colcon_core.package_identification:_identify(build) by extensions ['ignore', 'ignore_ament_install']
[0.685s] Level 1:colcon.colcon_core.package_identification:_identify(build) by extension 'ignore'
[0.686s] Level 1:colcon.colcon_core.package_identification:_identify(build) ignored
[0.686s] Level 1:colcon.colcon_core.package_identification:_identify(install) by extensions ['ignore', 'ignore_ament_install']
[0.686s] Level 1:colcon.colcon_core.package_identification:_identify(install) by extension 'ignore'
[0.687s] Level 1:colcon.colcon_core.package_identification:_identify(install) ignored
[0.687s] Level 1:colcon.colcon_core.package_identification:_identify(log) by extensions ['ignore', 'ignore_ament_install']
[0.687s] Level 1:colcon.colcon_core.package_identification:_identify(log) by extension 'ignore'
[0.688s] Level 1:colcon.colcon_core.package_identification:_identify(log) ignored
[0.688s] Level 1:colcon.colcon_core.package_discovery:discover_packages(recursive) using defaults
[0.688s] Level 1:colcon.colcon_core.package_discovery:discover_packages(ignore) discover
[0.688s] Level 1:colcon.colcon_core.package_discovery:discover_packages(ignore) using defaults
[0.688s] Level 1:colcon.colcon_core.package_discovery:discover_packages(path) discover
[0.688s] Level 1:colcon.colcon_core.package_discovery:discover_packages(path) using defaults
[0.771s] Level 1:colcon.colcon_core.package_discovery:discover_packages(prefix_path) check parameters
[0.771s] Level 1:colcon.colcon_core.package_discovery:discover_packages(prefix_path) discover
[0.779s] DEBUG:colcon.colcon_installed_package_information.package_discovery:Found 304 installed packages in /opt/ros/humble
[0.781s] Level 1:colcon.colcon_core.package_discovery:discover_packages(prefix_path) using defaults
[0.879s] Level 5:colcon.colcon_core.verb:set package 'gazebo_project' build argument 'cmake_args' from command line to 'None'
[0.879s] Level 5:colcon.colcon_core.verb:set package 'gazebo_project' build argument 'cmake_target' from command line to 'None'
[0.879s] Level 5:colcon.colcon_core.verb:set package 'gazebo_project' build argument 'cmake_target_skip_unavailable' from command line to 'False'
[0.879s] Level 5:colcon.colcon_core.verb:set package 'gazebo_project' build argument 'cmake_clean_cache' from command line to 'False'
[0.879s] Level 5:colcon.colcon_core.verb:set package 'gazebo_project' build argument 'cmake_clean_first' from command line to 'False'
[0.879s] Level 5:colcon.colcon_core.verb:set package 'gazebo_project' build argument 'cmake_force_configure' from command line to 'False'
[0.879s] Level 5:colcon.colcon_core.verb:set package 'gazebo_project' build argument 'ament_cmake_args' from command line to 'None'
[0.879s] Level 5:colcon.colcon_core.verb:set package 'gazebo_project' build argument 'catkin_cmake_args' from command line to 'None'
[0.879s] Level 5:colcon.colcon_core.verb:set package 'gazebo_project' build argument 'catkin_skip_building_tests' from command line to 'False'
[0.880s] DEBUG:colcon.colcon_core.verb:Building package 'gazebo_project' with the following arguments: {'ament_cmake_args': None, 'build_base': '/home/andres/Documents/autonomous-vehicle-end-to-end-control-project-template/build/gazebo_project', 'catkin_cmake_args': None, 'catkin_skip_building_tests': False, 'cmake_args': None, 'cmake_clean_cache': False, 'cmake_clean_first': False, 'cmake_force_configure': False, 'cmake_target': None, 'cmake_target_skip_unavailable': False, 'install_base': '/home/andres/Documents/autonomous-vehicle-end-to-end-control-project-template/install/gazebo_project', 'merge_install': False, 'path': '/home/andres/Documents/autonomous-vehicle-end-to-end-control-project-template/autonomous-vehicle-end-to-end-control-project-template/src/gazebo_project', 'symlink_install': False, 'test_result_base': None}
[0.880s] Level 5:colcon.colcon_core.verb:set package 'perception_and_controller' build argument 'cmake_args' from command line to 'None'
[0.880s] Level 5:colcon.colcon_core.verb:set package 'perception_and_controller' build argument 'cmake_target' from command line to 'None'
[0.881s] Level 5:colcon.colcon_core.verb:set package 'perception_and_controller' build argument 'cmake_target_skip_unavailable' from command line to 'False'
[0.881s] Level 5:colcon.colcon_core.verb:set package 'perception_and_controller' build argument 'cmake_clean_cache' from command line to 'False'
[0.881s] Level 5:colcon.colcon_core.verb:set package 'perception_and_controller' build argument 'cmake_clean_first' from command line to 'False'
[0.881s] Level 5:colcon.colcon_core.verb:set package 'perception_and_controller' build argument 'cmake_force_configure' from command line to 'False'
[0.881s] Level 5:colcon.colcon_core.verb:set package 'perception_and_controller' build argument 'ament_cmake_args' from command line to 'None'
[0.881s] Level 5:colcon.colcon_core.verb:set package 'perception_and_controller' build argument 'catkin_cmake_args' from command line to 'None'
[0.881s] Level 5:colcon.colcon_core.verb:set package 'perception_and_controller' build argument 'catkin_skip_building_tests' from command line to 'False'
[0.881s] DEBUG:colcon.colcon_core.verb:Building package 'perception_and_controller' with the following arguments: {'ament_cmake_args': None, 'build_base': '/home/andres/Documents/autonomous-vehicle-end-to-end-control-project-template/build/perception_and_controller', 'catkin_cmake_args': None, 'catkin_skip_building_tests': False, 'cmake_args': None, 'cmake_clean_cache': False, 'cmake_clean_first': False, 'cmake_force_configure': False, 'cmake_target': None, 'cmake_target_skip_unavailable': False, 'install_base': '/home/andres/Documents/autonomous-vehicle-end-to-end-control-project-template/install/perception_and_controller', 'merge_install': False, 'path': '/home/andres/Documents/autonomous-vehicle-end-to-end-control-project-template/autonomous-vehicle-end-to-end-control-project-template/src/perception_and_controller', 'symlink_install': False, 'test_result_base': None}
[0.881s] INFO:colcon.colcon_core.executor:Executing jobs using 'parallel' executor
[0.885s] DEBUG:colcon.colcon_parallel_executor.executor.parallel:run_until_complete
[0.886s] INFO:colcon.colcon_ros.task.ament_python.build:Building ROS package in '/home/andres/Documents/autonomous-vehicle-end-to-end-control-project-template/autonomous-vehicle-end-to-end-control-project-template/src/gazebo_project' with build type 'ament_python'
[0.886s] Level 1:colcon.colcon_core.shell:create_environment_hook('gazebo_project', 'ament_prefix_path')
[0.899s] INFO:colcon.colcon_core.plugin_system:Skipping extension 'colcon_core.shell.bat': Not used on non-Windows systems
[0.899s] INFO:colcon.colcon_core.shell:Creating environment hook '/home/andres/Documents/autonomous-vehicle-end-to-end-control-project-template/install/gazebo_project/share/gazebo_project/hook/ament_prefix_path.ps1'
[0.902s] INFO:colcon.colcon_core.shell:Creating environment descriptor '/home/andres/Documents/autonomous-vehicle-end-to-end-control-project-template/install/gazebo_project/share/gazebo_project/hook/ament_prefix_path.dsv'
[0.903s] INFO:colcon.colcon_core.shell:Creating environment hook '/home/andres/Documents/autonomous-vehicle-end-to-end-control-project-template/install/gazebo_project/share/gazebo_project/hook/ament_prefix_path.sh'
[0.905s] INFO:colcon.colcon_core.shell:Skip shell extension 'powershell' for command environment: Not usable outside of PowerShell
[0.905s] DEBUG:colcon.colcon_core.shell:Skip shell extension 'dsv' for command environment
[0.928s] INFO:colcon.colcon_ros.task.ament_python.build:Building ROS package in '/home/andres/Documents/autonomous-vehicle-end-to-end-control-project-template/autonomous-vehicle-end-to-end-control-project-template/src/perception_and_controller' with build type 'ament_python'
[0.928s] Level 1:colcon.colcon_core.shell:create_environment_hook('perception_and_controller', 'ament_prefix_path')
[0.929s] INFO:colcon.colcon_core.shell:Creating environment hook '/home/andres/Documents/autonomous-vehicle-end-to-end-control-project-template/install/perception_and_controller/share/perception_and_controller/hook/ament_prefix_path.ps1'
[0.930s] INFO:colcon.colcon_core.shell:Creating environment descriptor '/home/andres/Documents/autonomous-vehicle-end-to-end-control-project-template/install/perception_and_controller/share/perception_and_controller/hook/ament_prefix_path.dsv'
[0.933s] INFO:colcon.colcon_core.shell:Creating environment hook '/home/andres/Documents/autonomous-vehicle-end-to-end-control-project-template/install/perception_and_controller/share/perception_and_controller/hook/ament_prefix_path.sh'
[0.935s] INFO:colcon.colcon_core.shell:Skip shell extension 'powershell' for command environment: Not usable outside of PowerShell
[0.935s] DEBUG:colcon.colcon_core.shell:Skip shell extension 'dsv' for command environment
[1.586s] INFO:colcon.colcon_core.task.python.build:Building Python package in '/home/andres/Documents/autonomous-vehicle-end-to-end-control-project-template/autonomous-vehicle-end-to-end-control-project-template/src/gazebo_project'
[1.588s] INFO:colcon.colcon_core.shell:Skip shell extension 'powershell' for command environment: Not usable outside of PowerShell
[1.588s] DEBUG:colcon.colcon_core.shell:Skip shell extension 'dsv' for command environment
[2.266s] INFO:colcon.colcon_core.task.python.build:Building Python package in '/home/andres/Documents/autonomous-vehicle-end-to-end-control-project-template/autonomous-vehicle-end-to-end-control-project-template/src/perception_and_controller'
[2.267s] INFO:colcon.colcon_core.shell:Skip shell extension 'powershell' for command environment: Not usable outside of PowerShell
[2.268s] DEBUG:colcon.colcon_core.shell:Skip shell extension 'dsv' for command environment
[3.431s] DEBUG:colcon.colcon_core.event_handler.log_command:Invoking command in '/home/andres/Documents/autonomous-vehicle-end-to-end-control-project-template/autonomous-vehicle-end-to-end-control-project-template/src/gazebo_project': PYTHONPATH=/home/andres/Documents/autonomous-vehicle-end-to-end-control-project-template/build/gazebo_project/prefix_override:/usr/lib/python3/dist-packages/colcon_core/task/python/colcon_distutils_commands:/home/andres/Documents/autonomous-vehicle-end-to-end-control-project-template/install/gazebo_project/lib/python3.10/site-packages:${PYTHONPATH} /usr/bin/python3 -W ignore:setup.py install is deprecated setup.py egg_info --egg-base ../../../build/gazebo_project build --build-base /home/andres/Documents/autonomous-vehicle-end-to-end-control-project-template/build/gazebo_project/build install --record /home/andres/Documents/autonomous-vehicle-end-to-end-control-project-template/build/gazebo_project/install.log --single-version-externally-managed install_data
[3.656s] DEBUG:colcon.colcon_core.event_handler.log_command:Invoking command in '/home/andres/Documents/autonomous-vehicle-end-to-end-control-project-template/autonomous-vehicle-end-to-end-control-project-template/src/perception_and_controller': PYTHONPATH=/home/andres/Documents/autonomous-vehicle-end-to-end-control-project-template/build/perception_and_controller/prefix_override:/usr/lib/python3/dist-packages/colcon_core/task/python/colcon_distutils_commands:/home/andres/Documents/autonomous-vehicle-end-to-end-control-project-template/install/perception_and_controller/lib/python3.10/site-packages:${PYTHONPATH} /usr/bin/python3 -W ignore:setup.py install is deprecated setup.py egg_info --egg-base ../../../build/perception_and_controller build --build-base /home/andres/Documents/autonomous-vehicle-end-to-end-control-project-template/build/perception_and_controller/build install --record /home/andres/Documents/autonomous-vehicle-end-to-end-control-project-template/build/perception_and_controller/install.log --single-version-externally-managed install_data
[4.484s] DEBUG:colcon.colcon_core.event_handler.log_command:Invoked command in '/home/andres/Documents/autonomous-vehicle-end-to-end-control-project-template/autonomous-vehicle-end-to-end-control-project-template/src/gazebo_project' returned '0': PYTHONPATH=/home/andres/Documents/autonomous-vehicle-end-to-end-control-project-template/build/gazebo_project/prefix_override:/usr/lib/python3/dist-packages/colcon_core/task/python/colcon_distutils_commands:/home/andres/Documents/autonomous-vehicle-end-to-end-control-project-template/install/gazebo_project/lib/python3.10/site-packages:${PYTHONPATH} /usr/bin/python3 -W ignore:setup.py install is deprecated setup.py egg_info --egg-base ../../../build/gazebo_project build --build-base /home/andres/Documents/autonomous-vehicle-end-to-end-control-project-template/build/gazebo_project/build install --record /home/andres/Documents/autonomous-vehicle-end-to-end-control-project-template/build/gazebo_project/install.log --single-version-externally-managed install_data
[4.504s] Level 1:colcon.colcon_core.environment:checking '/home/andres/Documents/autonomous-vehicle-end-to-end-control-project-template/install/gazebo_project' for CMake module files
[4.512s] Level 1:colcon.colcon_core.environment:checking '/home/andres/Documents/autonomous-vehicle-end-to-end-control-project-template/install/gazebo_project' for CMake config files
[4.517s] Level 1:colcon.colcon_core.environment:checking '/home/andres/Documents/autonomous-vehicle-end-to-end-control-project-template/install/gazebo_project/lib'
[4.517s] Level 1:colcon.colcon_core.environment:checking '/home/andres/Documents/autonomous-vehicle-end-to-end-control-project-template/install/gazebo_project/bin'
[4.518s] Level 1:colcon.colcon_core.environment:checking '/home/andres/Documents/autonomous-vehicle-end-to-end-control-project-template/install/gazebo_project/lib/pkgconfig/gazebo_project.pc'
[4.527s] Level 1:colcon.colcon_core.environment:checking '/home/andres/Documents/autonomous-vehicle-end-to-end-control-project-template/install/gazebo_project/lib/python3.10/site-packages'
[4.529s] Level 1:colcon.colcon_core.shell:create_environment_hook('gazebo_project', 'pythonpath')
[4.530s] INFO:colcon.colcon_core.shell:Creating environment hook '/home/andres/Documents/autonomous-vehicle-end-to-end-control-project-template/install/gazebo_project/share/gazebo_project/hook/pythonpath.ps1'
[4.539s] INFO:colcon.colcon_core.shell:Creating environment descriptor '/home/andres/Documents/autonomous-vehicle-end-to-end-control-project-template/install/gazebo_project/share/gazebo_project/hook/pythonpath.dsv'
[4.541s] INFO:colcon.colcon_core.shell:Creating environment hook '/home/andres/Documents/autonomous-vehicle-end-to-end-control-project-template/install/gazebo_project/share/gazebo_project/hook/pythonpath.sh'
[4.547s] Level 1:colcon.colcon_core.environment:checking '/home/andres/Documents/autonomous-vehicle-end-to-end-control-project-template/install/gazebo_project/bin'
[4.547s] Level 1:colcon.colcon_core.environment:create_environment_scripts_only(gazebo_project)
[4.548s] INFO:colcon.colcon_core.shell:Creating package script '/home/andres/Documents/autonomous-vehicle-end-to-end-control-project-template/install/gazebo_project/share/gazebo_project/package.ps1'
[4.554s] INFO:colcon.colcon_core.shell:Creating package descriptor '/home/andres/Documents/autonomous-vehicle-end-to-end-control-project-template/install/gazebo_project/share/gazebo_project/package.dsv'
[4.561s] INFO:colcon.colcon_core.shell:Creating package script '/home/andres/Documents/autonomous-vehicle-end-to-end-control-project-template/install/gazebo_project/share/gazebo_project/package.sh'
[4.579s] INFO:colcon.colcon_core.shell:Creating package script '/home/andres/Documents/autonomous-vehicle-end-to-end-control-project-template/install/gazebo_project/share/gazebo_project/package.bash'
[4.614s] INFO:colcon.colcon_core.shell:Creating package script '/home/andres/Documents/autonomous-vehicle-end-to-end-control-project-template/install/gazebo_project/share/gazebo_project/package.zsh'
[4.619s] Level 1:colcon.colcon_core.environment:create_file_with_runtime_dependencies(/home/andres/Documents/autonomous-vehicle-end-to-end-control-project-template/install/gazebo_project/share/colcon-core/packages/gazebo_project)
[4.745s] Level 1:colcon.colcon_core.environment:checking '/home/andres/Documents/autonomous-vehicle-end-to-end-control-project-template/install/perception_and_controller' for CMake module files
[4.746s] Level 1:colcon.colcon_core.environment:checking '/home/andres/Documents/autonomous-vehicle-end-to-end-control-project-template/install/perception_and_controller' for CMake config files
[4.748s] Level 1:colcon.colcon_core.environment:checking '/home/andres/Documents/autonomous-vehicle-end-to-end-control-project-template/install/perception_and_controller/lib'
[4.753s] DEBUG:colcon.colcon_core.event_handler.log_command:Invoked command in '/home/andres/Documents/autonomous-vehicle-end-to-end-control-project-template/autonomous-vehicle-end-to-end-control-project-template/src/perception_and_controller' returned '0': PYTHONPATH=/home/andres/Documents/autonomous-vehicle-end-to-end-control-project-template/build/perception_and_controller/prefix_override:/usr/lib/python3/dist-packages/colcon_core/task/python/colcon_distutils_commands:/home/andres/Documents/autonomous-vehicle-end-to-end-control-project-template/install/perception_and_controller/lib/python3.10/site-packages:${PYTHONPATH} /usr/bin/python3 -W ignore:setup.py install is deprecated setup.py egg_info --egg-base ../../../build/perception_and_controller build --build-base /home/andres/Documents/autonomous-vehicle-end-to-end-control-project-template/build/perception_and_controller/build install --record /home/andres/Documents/autonomous-vehicle-end-to-end-control-project-template/build/perception_and_controller/install.log --single-version-externally-managed install_data
[4.756s] Level 1:colcon.colcon_core.environment:checking '/home/andres/Documents/autonomous-vehicle-end-to-end-control-project-template/install/perception_and_controller/bin'
[4.760s] Level 1:colcon.colcon_core.environment:checking '/home/andres/Documents/autonomous-vehicle-end-to-end-control-project-template/install/perception_and_controller/lib/pkgconfig/perception_and_controller.pc'
[4.762s] Level 1:colcon.colcon_core.environment:checking '/home/andres/Documents/autonomous-vehicle-end-to-end-control-project-template/install/perception_and_controller/lib/python3.10/site-packages'
[4.763s] Level 1:colcon.colcon_core.shell:create_environment_hook('perception_and_controller', 'pythonpath')
[4.763s] INFO:colcon.colcon_core.shell:Creating environment hook '/home/andres/Documents/autonomous-vehicle-end-to-end-control-project-template/install/perception_and_controller/share/perception_and_controller/hook/pythonpath.ps1'
[4.768s] INFO:colcon.colcon_core.shell:Creating environment descriptor '/home/andres/Documents/autonomous-vehicle-end-to-end-control-project-template/install/perception_and_controller/share/perception_and_controller/hook/pythonpath.dsv'
[4.769s] INFO:colcon.colcon_core.shell:Creating environment hook '/home/andres/Documents/autonomous-vehicle-end-to-end-control-project-template/install/perception_and_controller/share/perception_and_controller/hook/pythonpath.sh'
[4.774s] Level 1:colcon.colcon_core.environment:checking '/home/andres/Documents/autonomous-vehicle-end-to-end-control-project-template/install/perception_and_controller/bin'
[4.774s] Level 1:colcon.colcon_core.environment:create_environment_scripts_only(perception_and_controller)
[4.775s] INFO:colcon.colcon_core.shell:Creating package script '/home/andres/Documents/autonomous-vehicle-end-to-end-control-project-template/install/perception_and_controller/share/perception_and_controller/package.ps1'
[4.780s] INFO:colcon.colcon_core.shell:Creating package descriptor '/home/andres/Documents/autonomous-vehicle-end-to-end-control-project-template/install/perception_and_controller/share/perception_and_controller/package.dsv'
[4.785s] INFO:colcon.colcon_core.shell:Creating package script '/home/andres/Documents/autonomous-vehicle-end-to-end-control-project-template/install/perception_and_controller/share/perception_and_controller/package.sh'
[4.787s] INFO:colcon.colcon_core.shell:Creating package script '/home/andres/Documents/autonomous-vehicle-end-to-end-control-project-template/install/perception_and_controller/share/perception_and_controller/package.bash'
[4.788s] INFO:colcon.colcon_core.shell:Creating package script '/home/andres/Documents/autonomous-vehicle-end-to-end-control-project-template/install/perception_and_controller/share/perception_and_controller/package.zsh'
[4.789s] Level 1:colcon.colcon_core.environment:create_file_with_runtime_dependencies(/home/andres/Documents/autonomous-vehicle-end-to-end-control-project-template/install/perception_and_controller/share/colcon-core/packages/perception_and_controller)
[4.800s] DEBUG:colcon.colcon_parallel_executor.executor.parallel:closing loop
[4.801s] DEBUG:colcon.colcon_parallel_executor.executor.parallel:loop closed
[4.802s] DEBUG:colcon.colcon_parallel_executor.executor.parallel:run_until_complete finished with '0'
[4.802s] DEBUG:colcon.colcon_core.event_reactor:joining thread
[4.826s] INFO:colcon.colcon_core.plugin_system:Skipping extension 'colcon_notification.desktop_notification.terminal_notifier': Not used on non-Darwin systems
[4.830s] INFO:colcon.colcon_core.plugin_system:Skipping extension 'colcon_notification.desktop_notification.win32': Not used on non-Windows systems
[4.830s] INFO:colcon.colcon_notification.desktop_notification:Sending desktop notification using 'notify2'
[4.895s] DEBUG:colcon.colcon_core.event_reactor:joined thread
[4.898s] INFO:colcon.colcon_core.shell:Creating prefix script '/home/andres/Documents/autonomous-vehicle-end-to-end-control-project-template/install/local_setup.ps1'
[4.902s] INFO:colcon.colcon_core.shell:Creating prefix util module '/home/andres/Documents/autonomous-vehicle-end-to-end-control-project-template/install/_local_setup_util_ps1.py'
[4.908s] INFO:colcon.colcon_core.shell:Creating prefix chain script '/home/andres/Documents/autonomous-vehicle-end-to-end-control-project-template/install/setup.ps1'
[4.914s] INFO:colcon.colcon_core.shell:Creating prefix script '/home/andres/Documents/autonomous-vehicle-end-to-end-control-project-template/install/local_setup.sh'
[4.916s] INFO:colcon.colcon_core.shell:Creating prefix util module '/home/andres/Documents/autonomous-vehicle-end-to-end-control-project-template/install/_local_setup_util_sh.py'
[4.917s] INFO:colcon.colcon_core.shell:Creating prefix chain script '/home/andres/Documents/autonomous-vehicle-end-to-end-control-project-template/install/setup.sh'
[4.920s] INFO:colcon.colcon_core.shell:Creating prefix script '/home/andres/Documents/autonomous-vehicle-end-to-end-control-project-template/install/local_setup.bash'
[4.933s] INFO:colcon.colcon_core.shell:Creating prefix chain script '/home/andres/Documents/autonomous-vehicle-end-to-end-control-project-template/install/setup.bash'
[4.938s] INFO:colcon.colcon_core.shell:Creating prefix script '/home/andres/Documents/autonomous-vehicle-end-to-end-control-project-template/install/local_setup.zsh'
[4.939s] INFO:colcon.colcon_core.shell:Creating prefix chain script '/home/andres/Documents/autonomous-vehicle-end-to-end-control-project-template/install/setup.zsh'
