[2.114s] Invoking command in '/home/andres/Documents/autonomous-vehicle-end-to-end-control-project-template/autonomous-vehicle-end-to-end-control-project-template/src/perception_and_controller': PYTHONPATH=/home/andres/Documents/autonomous-vehicle-end-to-end-control-project-template/build/perception_and_controller/prefix_override:/usr/lib/python3/dist-packages/colcon_core/task/python/colcon_distutils_commands:/home/andres/Documents/autonomous-vehicle-end-to-end-control-project-template/install/perception_and_controller/lib/python3.10/site-packages:${PYTHONPATH} /usr/bin/python3 -W ignore:setup.py install is deprecated setup.py egg_info --egg-base ../../../build/perception_and_controller build --build-base /home/andres/Documents/autonomous-vehicle-end-to-end-control-project-template/build/perception_and_controller/build install --record /home/andres/Documents/autonomous-vehicle-end-to-end-control-project-template/build/perception_and_controller/install.log --single-version-externally-managed install_data
[2.746s] running egg_info
[2.748s] writing ../../../build/perception_and_controller/perception_and_controller.egg-info/PKG-INFO
[2.748s] writing dependency_links to ../../../build/perception_and_controller/perception_and_controller.egg-info/dependency_links.txt
[2.749s] writing entry points to ../../../build/perception_and_controller/perception_and_controller.egg-info/entry_points.txt
[2.749s] writing requirements to ../../../build/perception_and_controller/perception_and_controller.egg-info/requires.txt
[2.750s] writing top-level names to ../../../build/perception_and_controller/perception_and_controller.egg-info/top_level.txt
[2.757s] reading manifest file '../../../build/perception_and_controller/perception_and_controller.egg-info/SOURCES.txt'
[2.763s] writing manifest file '../../../build/perception_and_controller/perception_and_controller.egg-info/SOURCES.txt'
[2.763s] running build
[2.764s] running build_py
[2.773s] copying perception_and_controller/perception.py -> /home/andres/Documents/autonomous-vehicle-end-to-end-control-project-template/build/perception_and_controller/build/lib/perception_and_controller
[2.773s] running install
[2.773s] running install_lib
[2.774s] copying /home/andres/Documents/autonomous-vehicle-end-to-end-control-project-template/build/perception_and_controller/build/lib/perception_and_controller/perception.py -> /home/andres/Documents/autonomous-vehicle-end-to-end-control-project-template/install/perception_and_controller/lib/python3.10/site-packages/perception_and_controller
[2.778s] byte-compiling /home/andres/Documents/autonomous-vehicle-end-to-end-control-project-template/install/perception_and_controller/lib/python3.10/site-packages/perception_and_controller/perception.py to perception.cpython-310.pyc
[2.778s] running install_data
[2.778s] running install_egg_info
[2.781s] removing '/home/andres/Documents/autonomous-vehicle-end-to-end-control-project-template/install/perception_and_controller/lib/python3.10/site-packages/perception_and_controller-0.0.0-py3.10.egg-info' (and everything under it)
[2.782s] Copying ../../../build/perception_and_controller/perception_and_controller.egg-info to /home/andres/Documents/autonomous-vehicle-end-to-end-control-project-template/install/perception_and_controller/lib/python3.10/site-packages/perception_and_controller-0.0.0-py3.10.egg-info
[2.783s] running install_scripts
[2.853s] Installing controller script to /home/andres/Documents/autonomous-vehicle-end-to-end-control-project-template/install/perception_and_controller/lib/perception_and_controller
[2.853s] Installing perception script to /home/andres/Documents/autonomous-vehicle-end-to-end-control-project-template/install/perception_and_controller/lib/perception_and_controller
[2.854s] writing list of installed files to '/home/andres/Documents/autonomous-vehicle-end-to-end-control-project-template/build/perception_and_controller/install.log'
[2.921s] Invoked command in '/home/andres/Documents/autonomous-vehicle-end-to-end-control-project-template/autonomous-vehicle-end-to-end-control-project-template/src/perception_and_controller' returned '0': PYTHONPATH=/home/andres/Documents/autonomous-vehicle-end-to-end-control-project-template/build/perception_and_controller/prefix_override:/usr/lib/python3/dist-packages/colcon_core/task/python/colcon_distutils_commands:/home/andres/Documents/autonomous-vehicle-end-to-end-control-project-template/install/perception_and_controller/lib/python3.10/site-packages:${PYTHONPATH} /usr/bin/python3 -W ignore:setup.py install is deprecated setup.py egg_info --egg-base ../../../build/perception_and_controller build --build-base /home/andres/Documents/autonomous-vehicle-end-to-end-control-project-template/build/perception_and_controller/build install --record /home/andres/Documents/autonomous-vehicle-end-to-end-control-project-template/build/perception_and_controller/install.log --single-version-externally-managed install_data
