/home/andres/Documents/autonomous-vehicle-end-to-end-control-project-template/install/perception_and_controller/lib/python3.10/site-packages/perception_and_controller/rotation_utils.py
/home/andres/Documents/autonomous-vehicle-end-to-end-control-project-template/install/perception_and_controller/lib/python3.10/site-packages/perception_and_controller/__init__.py
/home/andres/Documents/autonomous-vehicle-end-to-end-control-project-template/install/perception_and_controller/lib/python3.10/site-packages/perception_and_controller/perception.py
/home/andres/Documents/autonomous-vehicle-end-to-end-control-project-template/install/perception_and_controller/lib/python3.10/site-packages/perception_and_controller/controller.py
/home/andres/Documents/autonomous-vehicle-end-to-end-control-project-template/install/perception_and_controller/lib/python3.10/site-packages/Perception/evaluate.py
/home/andres/Documents/autonomous-vehicle-end-to-end-control-project-template/install/perception_and_controller/lib/python3.10/site-packages/Perception/__init__.py
/home/andres/Documents/autonomous-vehicle-end-to-end-control-project-template/install/perception_and_controller/lib/python3.10/site-packages/Perception/dataset_creator.py
/home/andres/Documents/autonomous-vehicle-end-to-end-control-project-template/install/perception_and_controller/lib/python3.10/site-packages/Perception/train.py
/home/andres/Documents/autonomous-vehicle-end-to-end-control-project-template/install/perception_and_controller/lib/python3.10/site-packages/Perception/model/__init__.py
/home/andres/Documents/autonomous-vehicle-end-to-end-control-project-template/install/perception_and_controller/lib/python3.10/site-packages/Perception/model/unet.py
/home/andres/Documents/autonomous-vehicle-end-to-end-control-project-template/install/perception_and_controller/lib/python3.10/site-packages/Perception/utils/loses.py
/home/andres/Documents/autonomous-vehicle-end-to-end-control-project-template/install/perception_and_controller/lib/python3.10/site-packages/Perception/utils/__init__.py
/home/andres/Documents/autonomous-vehicle-end-to-end-control-project-template/install/perception_and_controller/lib/python3.10/site-packages/Perception/utils/utils.py
/home/andres/Documents/autonomous-vehicle-end-to-end-control-project-template/install/perception_and_controller/lib/python3.10/site-packages/Perception/utils/dataloader.py
/home/andres/Documents/autonomous-vehicle-end-to-end-control-project-template/install/perception_and_controller/lib/python3.10/site-packages/perception_and_controller/__pycache__/rotation_utils.cpython-310.pyc
/home/andres/Documents/autonomous-vehicle-end-to-end-control-project-template/install/perception_and_controller/lib/python3.10/site-packages/perception_and_controller/__pycache__/__init__.cpython-310.pyc
/home/andres/Documents/autonomous-vehicle-end-to-end-control-project-template/install/perception_and_controller/lib/python3.10/site-packages/perception_and_controller/__pycache__/perception.cpython-310.pyc
/home/andres/Documents/autonomous-vehicle-end-to-end-control-project-template/install/perception_and_controller/lib/python3.10/site-packages/perception_and_controller/__pycache__/controller.cpython-310.pyc
/home/andres/Documents/autonomous-vehicle-end-to-end-control-project-template/install/perception_and_controller/lib/python3.10/site-packages/Perception/__pycache__/evaluate.cpython-310.pyc
/home/andres/Documents/autonomous-vehicle-end-to-end-control-project-template/install/perception_and_controller/lib/python3.10/site-packages/Perception/__pycache__/__init__.cpython-310.pyc
/home/andres/Documents/autonomous-vehicle-end-to-end-control-project-template/install/perception_and_controller/lib/python3.10/site-packages/Perception/__pycache__/dataset_creator.cpython-310.pyc
/home/andres/Documents/autonomous-vehicle-end-to-end-control-project-template/install/perception_and_controller/lib/python3.10/site-packages/Perception/__pycache__/train.cpython-310.pyc
/home/andres/Documents/autonomous-vehicle-end-to-end-control-project-template/install/perception_and_controller/lib/python3.10/site-packages/Perception/model/__pycache__/__init__.cpython-310.pyc
/home/andres/Documents/autonomous-vehicle-end-to-end-control-project-template/install/perception_and_controller/lib/python3.10/site-packages/Perception/model/__pycache__/unet.cpython-310.pyc
/home/andres/Documents/autonomous-vehicle-end-to-end-control-project-template/install/perception_and_controller/lib/python3.10/site-packages/Perception/utils/__pycache__/loses.cpython-310.pyc
/home/andres/Documents/autonomous-vehicle-end-to-end-control-project-template/install/perception_and_controller/lib/python3.10/site-packages/Perception/utils/__pycache__/__init__.cpython-310.pyc
/home/andres/Documents/autonomous-vehicle-end-to-end-control-project-template/install/perception_and_controller/lib/python3.10/site-packages/Perception/utils/__pycache__/utils.cpython-310.pyc
/home/andres/Documents/autonomous-vehicle-end-to-end-control-project-template/install/perception_and_controller/lib/python3.10/site-packages/Perception/utils/__pycache__/dataloader.cpython-310.pyc
/home/andres/Documents/autonomous-vehicle-end-to-end-control-project-template/install/perception_and_controller/share/ament_index/resource_index/packages/perception_and_controller
/home/andres/Documents/autonomous-vehicle-end-to-end-control-project-template/install/perception_and_controller/share/perception_and_controller/package.xml
/home/andres/Documents/autonomous-vehicle-end-to-end-control-project-template/install/perception_and_controller/lib/python3.10/site-packages/perception_and_controller-0.0.0-py3.10.egg-info/SOURCES.txt
/home/andres/Documents/autonomous-vehicle-end-to-end-control-project-template/install/perception_and_controller/lib/python3.10/site-packages/perception_and_controller-0.0.0-py3.10.egg-info/requires.txt
/home/andres/Documents/autonomous-vehicle-end-to-end-control-project-template/install/perception_and_controller/lib/python3.10/site-packages/perception_and_controller-0.0.0-py3.10.egg-info/zip-safe
/home/andres/Documents/autonomous-vehicle-end-to-end-control-project-template/install/perception_and_controller/lib/python3.10/site-packages/perception_and_controller-0.0.0-py3.10.egg-info/dependency_links.txt
/home/andres/Documents/autonomous-vehicle-end-to-end-control-project-template/install/perception_and_controller/lib/python3.10/site-packages/perception_and_controller-0.0.0-py3.10.egg-info/top_level.txt
/home/andres/Documents/autonomous-vehicle-end-to-end-control-project-template/install/perception_and_controller/lib/python3.10/site-packages/perception_and_controller-0.0.0-py3.10.egg-info/entry_points.txt
/home/andres/Documents/autonomous-vehicle-end-to-end-control-project-template/install/perception_and_controller/lib/python3.10/site-packages/perception_and_controller-0.0.0-py3.10.egg-info/PKG-INFO
/home/andres/Documents/autonomous-vehicle-end-to-end-control-project-template/install/perception_and_controller/lib/perception_and_controller/controller
/home/andres/Documents/autonomous-vehicle-end-to-end-control-project-template/install/perception_and_controller/lib/perception_and_controller/perception
