[0.135s] DEBUG:colcon:Command line arguments: ['/usr/bin/colcon', 'build']
[0.136s] DEBUG:colcon:Parsed command line arguments: Namespace(log_base=None, log_level=None, verb_name='build', build_base='build', install_base='install', merge_install=False, symlink_install=False, test_result_base=None, continue_on_error=False, executor='parallel', parallel_workers=4, event_handlers=None, ignore_user_meta=False, metas=['./colcon.meta'], base_paths=['.'], packages_ignore=None, packages_ignore_regex=None, paths=None, packages_up_to=None, packages_up_to_regex=None, packages_above=None, packages_above_and_dependencies=None, packages_above_depth=None, packages_select_by_dep=None, packages_skip_by_dep=None, packages_skip_up_to=None, packages_select_build_failed=False, packages_skip_build_finished=False, packages_select_test_failures=False, packages_skip_test_passed=False, packages_select=None, packages_skip=None, packages_select_regex=None, packages_skip_regex=None, packages_start=None, packages_end=None, allow_overriding=[], cmake_args=None, cmake_target=None, cmake_target_skip_unavailable=False, cmake_clean_cache=False, cmake_clean_first=False, cmake_force_configure=False, ament_cmake_args=None, catkin_cmake_args=None, catkin_skip_building_tests=False, mixin_files=None, mixin=None, verb_parser=<colcon_mixin.mixin.mixin_argument.MixinArgumentDecorator object at 0x75652d43f460>, verb_extension=<colcon_core.verb.build.BuildVerb object at 0x75652d5e8df0>, main=<bound method BuildVerb.main of <colcon_core.verb.build.BuildVerb object at 0x75652d5e8df0>>, mixin_verb=('build',))
[0.370s] Level 1:colcon.colcon_core.package_discovery:discover_packages(colcon_meta) check parameters
[0.370s] Level 1:colcon.colcon_core.package_discovery:discover_packages(recursive) check parameters
[0.370s] Level 1:colcon.colcon_core.package_discovery:discover_packages(ignore) check parameters
[0.370s] Level 1:colcon.colcon_core.package_discovery:discover_packages(path) check parameters
[0.370s] Level 1:colcon.colcon_core.package_discovery:discover_packages(colcon_meta) discover
[0.370s] Level 1:colcon.colcon_core.package_discovery:discover_packages(recursive) discover
[0.370s] INFO:colcon.colcon_core.package_discovery:Crawling recursively for packages in '/home/andres/Documents/autonomous-vehicle-end-to-end-control-project-template 1'
[0.371s] Level 1:colcon.colcon_core.package_identification:_identify(.) by extensions ['ignore', 'ignore_ament_install']
[0.371s] Level 1:colcon.colcon_core.package_identification:_identify(.) by extension 'ignore'
[0.371s] Level 1:colcon.colcon_core.package_identification:_identify(.) by extension 'ignore_ament_install'
[0.371s] Level 1:colcon.colcon_core.package_identification:_identify(.) by extensions ['colcon_pkg']
[0.371s] Level 1:colcon.colcon_core.package_identification:_identify(.) by extension 'colcon_pkg'
[0.371s] Level 1:colcon.colcon_core.package_identification:_identify(.) by extensions ['colcon_meta']
[0.371s] Level 1:colcon.colcon_core.package_identification:_identify(.) by extension 'colcon_meta'
[0.371s] Level 1:colcon.colcon_core.package_identification:_identify(.) by extensions ['ros']
[0.371s] Level 1:colcon.colcon_core.package_identification:_identify(.) by extension 'ros'
[0.386s] Level 1:colcon.colcon_core.package_identification:_identify(.) by extensions ['cmake', 'python']
[0.386s] Level 1:colcon.colcon_core.package_identification:_identify(.) by extension 'cmake'
[0.386s] Level 1:colcon.colcon_core.package_identification:_identify(.) by extension 'python'
[0.386s] Level 1:colcon.colcon_core.package_identification:_identify(.) by extensions ['python_setup_py']
[0.386s] Level 1:colcon.colcon_core.package_identification:_identify(.) by extension 'python_setup_py'
[0.386s] Level 1:colcon.colcon_core.package_identification:_identify(autonomous-vehicle-end-to-end-control-project-template) by extensions ['ignore', 'ignore_ament_install']
[0.386s] Level 1:colcon.colcon_core.package_identification:_identify(autonomous-vehicle-end-to-end-control-project-template) by extension 'ignore'
[0.386s] Level 1:colcon.colcon_core.package_identification:_identify(autonomous-vehicle-end-to-end-control-project-template) by extension 'ignore_ament_install'
[0.386s] Level 1:colcon.colcon_core.package_identification:_identify(autonomous-vehicle-end-to-end-control-project-template) by extensions ['colcon_pkg']
[0.387s] Level 1:colcon.colcon_core.package_identification:_identify(autonomous-vehicle-end-to-end-control-project-template) by extension 'colcon_pkg'
[0.387s] Level 1:colcon.colcon_core.package_identification:_identify(autonomous-vehicle-end-to-end-control-project-template) by extensions ['colcon_meta']
[0.387s] Level 1:colcon.colcon_core.package_identification:_identify(autonomous-vehicle-end-to-end-control-project-template) by extension 'colcon_meta'
[0.387s] Level 1:colcon.colcon_core.package_identification:_identify(autonomous-vehicle-end-to-end-control-project-template) by extensions ['ros']
[0.387s] Level 1:colcon.colcon_core.package_identification:_identify(autonomous-vehicle-end-to-end-control-project-template) by extension 'ros'
[0.387s] Level 1:colcon.colcon_core.package_identification:_identify(autonomous-vehicle-end-to-end-control-project-template) by extensions ['cmake', 'python']
[0.387s] Level 1:colcon.colcon_core.package_identification:_identify(autonomous-vehicle-end-to-end-control-project-template) by extension 'cmake'
[0.387s] Level 1:colcon.colcon_core.package_identification:_identify(autonomous-vehicle-end-to-end-control-project-template) by extension 'python'
[0.387s] Level 1:colcon.colcon_core.package_identification:_identify(autonomous-vehicle-end-to-end-control-project-template) by extensions ['python_setup_py']
[0.387s] Level 1:colcon.colcon_core.package_identification:_identify(autonomous-vehicle-end-to-end-control-project-template) by extension 'python_setup_py'
[0.387s] Level 1:colcon.colcon_core.package_identification:_identify(autonomous-vehicle-end-to-end-control-project-template/build) by extensions ['ignore', 'ignore_ament_install']
[0.387s] Level 1:colcon.colcon_core.package_identification:_identify(autonomous-vehicle-end-to-end-control-project-template/build) by extension 'ignore'
[0.387s] Level 1:colcon.colcon_core.package_identification:_identify(autonomous-vehicle-end-to-end-control-project-template/build) ignored
[0.388s] Level 1:colcon.colcon_core.package_identification:_identify(autonomous-vehicle-end-to-end-control-project-template/install) by extensions ['ignore', 'ignore_ament_install']
[0.388s] Level 1:colcon.colcon_core.package_identification:_identify(autonomous-vehicle-end-to-end-control-project-template/install) by extension 'ignore'
[0.388s] Level 1:colcon.colcon_core.package_identification:_identify(autonomous-vehicle-end-to-end-control-project-template/install) ignored
[0.388s] Level 1:colcon.colcon_core.package_identification:_identify(autonomous-vehicle-end-to-end-control-project-template/log) by extensions ['ignore', 'ignore_ament_install']
[0.388s] Level 1:colcon.colcon_core.package_identification:_identify(autonomous-vehicle-end-to-end-control-project-template/log) by extension 'ignore'
[0.388s] Level 1:colcon.colcon_core.package_identification:_identify(autonomous-vehicle-end-to-end-control-project-template/log) ignored
[0.388s] Level 1:colcon.colcon_core.package_identification:_identify(autonomous-vehicle-end-to-end-control-project-template/src) by extensions ['ignore', 'ignore_ament_install']
[0.389s] Level 1:colcon.colcon_core.package_identification:_identify(autonomous-vehicle-end-to-end-control-project-template/src) by extension 'ignore'
[0.389s] Level 1:colcon.colcon_core.package_identification:_identify(autonomous-vehicle-end-to-end-control-project-template/src) by extension 'ignore_ament_install'
[0.389s] Level 1:colcon.colcon_core.package_identification:_identify(autonomous-vehicle-end-to-end-control-project-template/src) by extensions ['colcon_pkg']
[0.389s] Level 1:colcon.colcon_core.package_identification:_identify(autonomous-vehicle-end-to-end-control-project-template/src) by extension 'colcon_pkg'
[0.389s] Level 1:colcon.colcon_core.package_identification:_identify(autonomous-vehicle-end-to-end-control-project-template/src) by extensions ['colcon_meta']
[0.389s] Level 1:colcon.colcon_core.package_identification:_identify(autonomous-vehicle-end-to-end-control-project-template/src) by extension 'colcon_meta'
[0.389s] Level 1:colcon.colcon_core.package_identification:_identify(autonomous-vehicle-end-to-end-control-project-template/src) by extensions ['ros']
[0.389s] Level 1:colcon.colcon_core.package_identification:_identify(autonomous-vehicle-end-to-end-control-project-template/src) by extension 'ros'
[0.389s] Level 1:colcon.colcon_core.package_identification:_identify(autonomous-vehicle-end-to-end-control-project-template/src) by extensions ['cmake', 'python']
[0.389s] Level 1:colcon.colcon_core.package_identification:_identify(autonomous-vehicle-end-to-end-control-project-template/src) by extension 'cmake'
[0.389s] Level 1:colcon.colcon_core.package_identification:_identify(autonomous-vehicle-end-to-end-control-project-template/src) by extension 'python'
[0.389s] Level 1:colcon.colcon_core.package_identification:_identify(autonomous-vehicle-end-to-end-control-project-template/src) by extensions ['python_setup_py']
[0.389s] Level 1:colcon.colcon_core.package_identification:_identify(autonomous-vehicle-end-to-end-control-project-template/src) by extension 'python_setup_py'
[0.389s] Level 1:colcon.colcon_core.package_identification:_identify(autonomous-vehicle-end-to-end-control-project-template/src/gazebo_project) by extensions ['ignore', 'ignore_ament_install']
[0.389s] Level 1:colcon.colcon_core.package_identification:_identify(autonomous-vehicle-end-to-end-control-project-template/src/gazebo_project) by extension 'ignore'
[0.390s] Level 1:colcon.colcon_core.package_identification:_identify(autonomous-vehicle-end-to-end-control-project-template/src/gazebo_project) by extension 'ignore_ament_install'
[0.390s] Level 1:colcon.colcon_core.package_identification:_identify(autonomous-vehicle-end-to-end-control-project-template/src/gazebo_project) by extensions ['colcon_pkg']
[0.390s] Level 1:colcon.colcon_core.package_identification:_identify(autonomous-vehicle-end-to-end-control-project-template/src/gazebo_project) by extension 'colcon_pkg'
[0.390s] Level 1:colcon.colcon_core.package_identification:_identify(autonomous-vehicle-end-to-end-control-project-template/src/gazebo_project) by extensions ['colcon_meta']
[0.390s] Level 1:colcon.colcon_core.package_identification:_identify(autonomous-vehicle-end-to-end-control-project-template/src/gazebo_project) by extension 'colcon_meta'
[0.390s] Level 1:colcon.colcon_core.package_identification:_identify(autonomous-vehicle-end-to-end-control-project-template/src/gazebo_project) by extensions ['ros']
[0.390s] Level 1:colcon.colcon_core.package_identification:_identify(autonomous-vehicle-end-to-end-control-project-template/src/gazebo_project) by extension 'ros'
[0.393s] DEBUG:colcon.colcon_core.package_identification:Package 'autonomous-vehicle-end-to-end-control-project-template/src/gazebo_project' with type 'ros.ament_python' and name 'gazebo_project'
[0.393s] Level 1:colcon.colcon_core.package_identification:_identify(autonomous-vehicle-end-to-end-control-project-template/src/perception_and_controller) by extensions ['ignore', 'ignore_ament_install']
[0.393s] Level 1:colcon.colcon_core.package_identification:_identify(autonomous-vehicle-end-to-end-control-project-template/src/perception_and_controller) by extension 'ignore'
[0.393s] Level 1:colcon.colcon_core.package_identification:_identify(autonomous-vehicle-end-to-end-control-project-template/src/perception_and_controller) by extension 'ignore_ament_install'
[0.393s] Level 1:colcon.colcon_core.package_identification:_identify(autonomous-vehicle-end-to-end-control-project-template/src/perception_and_controller) by extensions ['colcon_pkg']
[0.393s] Level 1:colcon.colcon_core.package_identification:_identify(autonomous-vehicle-end-to-end-control-project-template/src/perception_and_controller) by extension 'colcon_pkg'
[0.394s] Level 1:colcon.colcon_core.package_identification:_identify(autonomous-vehicle-end-to-end-control-project-template/src/perception_and_controller) by extensions ['colcon_meta']
[0.394s] Level 1:colcon.colcon_core.package_identification:_identify(autonomous-vehicle-end-to-end-control-project-template/src/perception_and_controller) by extension 'colcon_meta'
[0.394s] Level 1:colcon.colcon_core.package_identification:_identify(autonomous-vehicle-end-to-end-control-project-template/src/perception_and_controller) by extensions ['ros']
[0.394s] Level 1:colcon.colcon_core.package_identification:_identify(autonomous-vehicle-end-to-end-control-project-template/src/perception_and_controller) by extension 'ros'
[0.395s] DEBUG:colcon.colcon_core.package_identification:Package 'autonomous-vehicle-end-to-end-control-project-template/src/perception_and_controller' with type 'ros.ament_python' and name 'perception_and_controller'
[0.395s] Level 1:colcon.colcon_core.package_identification:_identify(build) by extensions ['ignore', 'ignore_ament_install']
[0.395s] Level 1:colcon.colcon_core.package_identification:_identify(build) by extension 'ignore'
[0.395s] Level 1:colcon.colcon_core.package_identification:_identify(build) ignored
[0.395s] Level 1:colcon.colcon_core.package_identification:_identify(install) by extensions ['ignore', 'ignore_ament_install']
[0.395s] Level 1:colcon.colcon_core.package_identification:_identify(install) by extension 'ignore'
[0.395s] Level 1:colcon.colcon_core.package_identification:_identify(install) ignored
[0.396s] Level 1:colcon.colcon_core.package_identification:_identify(log) by extensions ['ignore', 'ignore_ament_install']
[0.396s] Level 1:colcon.colcon_core.package_identification:_identify(log) by extension 'ignore'
[0.396s] Level 1:colcon.colcon_core.package_identification:_identify(log) ignored
[0.396s] Level 1:colcon.colcon_core.package_discovery:discover_packages(recursive) using defaults
[0.396s] Level 1:colcon.colcon_core.package_discovery:discover_packages(ignore) discover
[0.396s] Level 1:colcon.colcon_core.package_discovery:discover_packages(ignore) using defaults
[0.396s] Level 1:colcon.colcon_core.package_discovery:discover_packages(path) discover
[0.396s] Level 1:colcon.colcon_core.package_discovery:discover_packages(path) using defaults
[0.435s] Level 1:colcon.colcon_core.package_discovery:discover_packages(prefix_path) check parameters
[0.435s] Level 1:colcon.colcon_core.package_discovery:discover_packages(prefix_path) discover
[0.439s] DEBUG:colcon.colcon_installed_package_information.package_discovery:Found 304 installed packages in /opt/ros/humble
[0.442s] Level 1:colcon.colcon_core.package_discovery:discover_packages(prefix_path) using defaults
[0.492s] Level 5:colcon.colcon_core.verb:set package 'gazebo_project' build argument 'cmake_args' from command line to 'None'
[0.492s] Level 5:colcon.colcon_core.verb:set package 'gazebo_project' build argument 'cmake_target' from command line to 'None'
[0.493s] Level 5:colcon.colcon_core.verb:set package 'gazebo_project' build argument 'cmake_target_skip_unavailable' from command line to 'False'
[0.493s] Level 5:colcon.colcon_core.verb:set package 'gazebo_project' build argument 'cmake_clean_cache' from command line to 'False'
[0.493s] Level 5:colcon.colcon_core.verb:set package 'gazebo_project' build argument 'cmake_clean_first' from command line to 'False'
[0.493s] Level 5:colcon.colcon_core.verb:set package 'gazebo_project' build argument 'cmake_force_configure' from command line to 'False'
[0.493s] Level 5:colcon.colcon_core.verb:set package 'gazebo_project' build argument 'ament_cmake_args' from command line to 'None'
[0.493s] Level 5:colcon.colcon_core.verb:set package 'gazebo_project' build argument 'catkin_cmake_args' from command line to 'None'
[0.493s] Level 5:colcon.colcon_core.verb:set package 'gazebo_project' build argument 'catkin_skip_building_tests' from command line to 'False'
[0.493s] DEBUG:colcon.colcon_core.verb:Building package 'gazebo_project' with the following arguments: {'ament_cmake_args': None, 'build_base': '/home/andres/Documents/autonomous-vehicle-end-to-end-control-project-template 1/build/gazebo_project', 'catkin_cmake_args': None, 'catkin_skip_building_tests': False, 'cmake_args': None, 'cmake_clean_cache': False, 'cmake_clean_first': False, 'cmake_force_configure': False, 'cmake_target': None, 'cmake_target_skip_unavailable': False, 'install_base': '/home/andres/Documents/autonomous-vehicle-end-to-end-control-project-template 1/install/gazebo_project', 'merge_install': False, 'path': '/home/andres/Documents/autonomous-vehicle-end-to-end-control-project-template 1/autonomous-vehicle-end-to-end-control-project-template/src/gazebo_project', 'symlink_install': False, 'test_result_base': None}
[0.493s] Level 5:colcon.colcon_core.verb:set package 'perception_and_controller' build argument 'cmake_args' from command line to 'None'
[0.493s] Level 5:colcon.colcon_core.verb:set package 'perception_and_controller' build argument 'cmake_target' from command line to 'None'
[0.494s] Level 5:colcon.colcon_core.verb:set package 'perception_and_controller' build argument 'cmake_target_skip_unavailable' from command line to 'False'
[0.494s] Level 5:colcon.colcon_core.verb:set package 'perception_and_controller' build argument 'cmake_clean_cache' from command line to 'False'
[0.494s] Level 5:colcon.colcon_core.verb:set package 'perception_and_controller' build argument 'cmake_clean_first' from command line to 'False'
[0.494s] Level 5:colcon.colcon_core.verb:set package 'perception_and_controller' build argument 'cmake_force_configure' from command line to 'False'
[0.494s] Level 5:colcon.colcon_core.verb:set package 'perception_and_controller' build argument 'ament_cmake_args' from command line to 'None'
[0.494s] Level 5:colcon.colcon_core.verb:set package 'perception_and_controller' build argument 'catkin_cmake_args' from command line to 'None'
[0.494s] Level 5:colcon.colcon_core.verb:set package 'perception_and_controller' build argument 'catkin_skip_building_tests' from command line to 'False'
[0.494s] DEBUG:colcon.colcon_core.verb:Building package 'perception_and_controller' with the following arguments: {'ament_cmake_args': None, 'build_base': '/home/andres/Documents/autonomous-vehicle-end-to-end-control-project-template 1/build/perception_and_controller', 'catkin_cmake_args': None, 'catkin_skip_building_tests': False, 'cmake_args': None, 'cmake_clean_cache': False, 'cmake_clean_first': False, 'cmake_force_configure': False, 'cmake_target': None, 'cmake_target_skip_unavailable': False, 'install_base': '/home/andres/Documents/autonomous-vehicle-end-to-end-control-project-template 1/install/perception_and_controller', 'merge_install': False, 'path': '/home/andres/Documents/autonomous-vehicle-end-to-end-control-project-template 1/autonomous-vehicle-end-to-end-control-project-template/src/perception_and_controller', 'symlink_install': False, 'test_result_base': None}
[0.494s] INFO:colcon.colcon_core.executor:Executing jobs using 'parallel' executor
[0.495s] DEBUG:colcon.colcon_parallel_executor.executor.parallel:run_until_complete
[0.496s] INFO:colcon.colcon_ros.task.ament_python.build:Building ROS package in '/home/andres/Documents/autonomous-vehicle-end-to-end-control-project-template 1/autonomous-vehicle-end-to-end-control-project-template/src/gazebo_project' with build type 'ament_python'
[0.496s] Level 1:colcon.colcon_core.shell:create_environment_hook('gazebo_project', 'ament_prefix_path')
[0.499s] INFO:colcon.colcon_core.plugin_system:Skipping extension 'colcon_core.shell.bat': Not used on non-Windows systems
[0.499s] INFO:colcon.colcon_core.shell:Creating environment hook '/home/andres/Documents/autonomous-vehicle-end-to-end-control-project-template 1/install/gazebo_project/share/gazebo_project/hook/ament_prefix_path.ps1'
[0.500s] INFO:colcon.colcon_core.shell:Creating environment descriptor '/home/andres/Documents/autonomous-vehicle-end-to-end-control-project-template 1/install/gazebo_project/share/gazebo_project/hook/ament_prefix_path.dsv'
[0.501s] INFO:colcon.colcon_core.shell:Creating environment hook '/home/andres/Documents/autonomous-vehicle-end-to-end-control-project-template 1/install/gazebo_project/share/gazebo_project/hook/ament_prefix_path.sh'
[0.502s] INFO:colcon.colcon_core.shell:Skip shell extension 'powershell' for command environment: Not usable outside of PowerShell
[0.502s] DEBUG:colcon.colcon_core.shell:Skip shell extension 'dsv' for command environment
[0.507s] INFO:colcon.colcon_ros.task.ament_python.build:Building ROS package in '/home/andres/Documents/autonomous-vehicle-end-to-end-control-project-template 1/autonomous-vehicle-end-to-end-control-project-template/src/perception_and_controller' with build type 'ament_python'
[0.507s] Level 1:colcon.colcon_core.shell:create_environment_hook('perception_and_controller', 'ament_prefix_path')
[0.508s] INFO:colcon.colcon_core.shell:Creating environment hook '/home/andres/Documents/autonomous-vehicle-end-to-end-control-project-template 1/install/perception_and_controller/share/perception_and_controller/hook/ament_prefix_path.ps1'
[0.509s] INFO:colcon.colcon_core.shell:Creating environment descriptor '/home/andres/Documents/autonomous-vehicle-end-to-end-control-project-template 1/install/perception_and_controller/share/perception_and_controller/hook/ament_prefix_path.dsv'
[0.510s] INFO:colcon.colcon_core.shell:Creating environment hook '/home/andres/Documents/autonomous-vehicle-end-to-end-control-project-template 1/install/perception_and_controller/share/perception_and_controller/hook/ament_prefix_path.sh'
[0.511s] INFO:colcon.colcon_core.shell:Skip shell extension 'powershell' for command environment: Not usable outside of PowerShell
[0.512s] DEBUG:colcon.colcon_core.shell:Skip shell extension 'dsv' for command environment
[0.995s] INFO:colcon.colcon_core.task.python.build:Building Python package in '/home/andres/Documents/autonomous-vehicle-end-to-end-control-project-template 1/autonomous-vehicle-end-to-end-control-project-template/src/gazebo_project'
[0.996s] INFO:colcon.colcon_core.shell:Skip shell extension 'powershell' for command environment: Not usable outside of PowerShell
[0.996s] DEBUG:colcon.colcon_core.shell:Skip shell extension 'dsv' for command environment
[1.374s] INFO:colcon.colcon_core.task.python.build:Building Python package in '/home/andres/Documents/autonomous-vehicle-end-to-end-control-project-template 1/autonomous-vehicle-end-to-end-control-project-template/src/perception_and_controller'
[1.375s] INFO:colcon.colcon_core.shell:Skip shell extension 'powershell' for command environment: Not usable outside of PowerShell
[1.375s] DEBUG:colcon.colcon_core.shell:Skip shell extension 'dsv' for command environment
[1.896s] DEBUG:colcon.colcon_core.event_handler.log_command:Invoking command in '/home/andres/Documents/autonomous-vehicle-end-to-end-control-project-template 1/autonomous-vehicle-end-to-end-control-project-template/src/perception_and_controller': PYTHONPATH=/home/andres/Documents/autonomous-vehicle-end-to-end-control-project-template 1/build/perception_and_controller/prefix_override:/usr/lib/python3/dist-packages/colcon_core/task/python/colcon_distutils_commands:/home/andres/Documents/autonomous-vehicle-end-to-end-control-project-template 1/install/perception_and_controller/lib/python3.10/site-packages:${PYTHONPATH} /usr/bin/python3 -W ignore:setup.py install is deprecated setup.py egg_info --egg-base ../../../build/perception_and_controller build --build-base /home/andres/Documents/autonomous-vehicle-end-to-end-control-project-template 1/build/perception_and_controller/build install --record /home/andres/Documents/autonomous-vehicle-end-to-end-control-project-template 1/build/perception_and_controller/install.log --single-version-externally-managed install_data
[1.919s] DEBUG:colcon.colcon_core.event_handler.log_command:Invoking command in '/home/andres/Documents/autonomous-vehicle-end-to-end-control-project-template 1/autonomous-vehicle-end-to-end-control-project-template/src/gazebo_project': PYTHONPATH=/home/andres/Documents/autonomous-vehicle-end-to-end-control-project-template 1/build/gazebo_project/prefix_override:/usr/lib/python3/dist-packages/colcon_core/task/python/colcon_distutils_commands:/home/andres/Documents/autonomous-vehicle-end-to-end-control-project-template 1/install/gazebo_project/lib/python3.10/site-packages:${PYTHONPATH} /usr/bin/python3 -W ignore:setup.py install is deprecated setup.py egg_info --egg-base ../../../build/gazebo_project build --build-base /home/andres/Documents/autonomous-vehicle-end-to-end-control-project-template 1/build/gazebo_project/build install --record /home/andres/Documents/autonomous-vehicle-end-to-end-control-project-template 1/build/gazebo_project/install.log --single-version-externally-managed install_data
[2.371s] DEBUG:colcon.colcon_core.event_handler.log_command:Invoked command in '/home/andres/Documents/autonomous-vehicle-end-to-end-control-project-template 1/autonomous-vehicle-end-to-end-control-project-template/src/perception_and_controller' returned '0': PYTHONPATH=/home/andres/Documents/autonomous-vehicle-end-to-end-control-project-template 1/build/perception_and_controller/prefix_override:/usr/lib/python3/dist-packages/colcon_core/task/python/colcon_distutils_commands:/home/andres/Documents/autonomous-vehicle-end-to-end-control-project-template 1/install/perception_and_controller/lib/python3.10/site-packages:${PYTHONPATH} /usr/bin/python3 -W ignore:setup.py install is deprecated setup.py egg_info --egg-base ../../../build/perception_and_controller build --build-base /home/andres/Documents/autonomous-vehicle-end-to-end-control-project-template 1/build/perception_and_controller/build install --record /home/andres/Documents/autonomous-vehicle-end-to-end-control-project-template 1/build/perception_and_controller/install.log --single-version-externally-managed install_data
[2.377s] Level 1:colcon.colcon_core.environment:checking '/home/andres/Documents/autonomous-vehicle-end-to-end-control-project-template 1/install/perception_and_controller' for CMake module files
[2.377s] Level 1:colcon.colcon_core.environment:checking '/home/andres/Documents/autonomous-vehicle-end-to-end-control-project-template 1/install/perception_and_controller' for CMake config files
[2.380s] Level 1:colcon.colcon_core.environment:checking '/home/andres/Documents/autonomous-vehicle-end-to-end-control-project-template 1/install/perception_and_controller/lib'
[2.381s] Level 1:colcon.colcon_core.environment:checking '/home/andres/Documents/autonomous-vehicle-end-to-end-control-project-template 1/install/perception_and_controller/bin'
[2.381s] Level 1:colcon.colcon_core.environment:checking '/home/andres/Documents/autonomous-vehicle-end-to-end-control-project-template 1/install/perception_and_controller/lib/pkgconfig/perception_and_controller.pc'
[2.382s] Level 1:colcon.colcon_core.environment:checking '/home/andres/Documents/autonomous-vehicle-end-to-end-control-project-template 1/install/perception_and_controller/lib/python3.10/site-packages'
[2.382s] Level 1:colcon.colcon_core.shell:create_environment_hook('perception_and_controller', 'pythonpath')
[2.382s] INFO:colcon.colcon_core.shell:Creating environment hook '/home/andres/Documents/autonomous-vehicle-end-to-end-control-project-template 1/install/perception_and_controller/share/perception_and_controller/hook/pythonpath.ps1'
[2.383s] INFO:colcon.colcon_core.shell:Creating environment descriptor '/home/andres/Documents/autonomous-vehicle-end-to-end-control-project-template 1/install/perception_and_controller/share/perception_and_controller/hook/pythonpath.dsv'
[2.384s] INFO:colcon.colcon_core.shell:Creating environment hook '/home/andres/Documents/autonomous-vehicle-end-to-end-control-project-template 1/install/perception_and_controller/share/perception_and_controller/hook/pythonpath.sh'
[2.386s] Level 1:colcon.colcon_core.environment:checking '/home/andres/Documents/autonomous-vehicle-end-to-end-control-project-template 1/install/perception_and_controller/bin'
[2.386s] Level 1:colcon.colcon_core.environment:create_environment_scripts_only(perception_and_controller)
[2.386s] INFO:colcon.colcon_core.shell:Creating package script '/home/andres/Documents/autonomous-vehicle-end-to-end-control-project-template 1/install/perception_and_controller/share/perception_and_controller/package.ps1'
[2.388s] INFO:colcon.colcon_core.shell:Creating package descriptor '/home/andres/Documents/autonomous-vehicle-end-to-end-control-project-template 1/install/perception_and_controller/share/perception_and_controller/package.dsv'
[2.390s] INFO:colcon.colcon_core.shell:Creating package script '/home/andres/Documents/autonomous-vehicle-end-to-end-control-project-template 1/install/perception_and_controller/share/perception_and_controller/package.sh'
[2.391s] INFO:colcon.colcon_core.shell:Creating package script '/home/andres/Documents/autonomous-vehicle-end-to-end-control-project-template 1/install/perception_and_controller/share/perception_and_controller/package.bash'
[2.394s] INFO:colcon.colcon_core.shell:Creating package script '/home/andres/Documents/autonomous-vehicle-end-to-end-control-project-template 1/install/perception_and_controller/share/perception_and_controller/package.zsh'
[2.396s] Level 1:colcon.colcon_core.environment:create_file_with_runtime_dependencies(/home/andres/Documents/autonomous-vehicle-end-to-end-control-project-template 1/install/perception_and_controller/share/colcon-core/packages/perception_and_controller)
[2.415s] Level 1:colcon.colcon_core.environment:checking '/home/andres/Documents/autonomous-vehicle-end-to-end-control-project-template 1/install/gazebo_project' for CMake module files
[2.416s] DEBUG:colcon.colcon_core.event_handler.log_command:Invoked command in '/home/andres/Documents/autonomous-vehicle-end-to-end-control-project-template 1/autonomous-vehicle-end-to-end-control-project-template/src/gazebo_project' returned '0': PYTHONPATH=/home/andres/Documents/autonomous-vehicle-end-to-end-control-project-template 1/build/gazebo_project/prefix_override:/usr/lib/python3/dist-packages/colcon_core/task/python/colcon_distutils_commands:/home/andres/Documents/autonomous-vehicle-end-to-end-control-project-template 1/install/gazebo_project/lib/python3.10/site-packages:${PYTHONPATH} /usr/bin/python3 -W ignore:setup.py install is deprecated setup.py egg_info --egg-base ../../../build/gazebo_project build --build-base /home/andres/Documents/autonomous-vehicle-end-to-end-control-project-template 1/build/gazebo_project/build install --record /home/andres/Documents/autonomous-vehicle-end-to-end-control-project-template 1/build/gazebo_project/install.log --single-version-externally-managed install_data
[2.417s] Level 1:colcon.colcon_core.environment:checking '/home/andres/Documents/autonomous-vehicle-end-to-end-control-project-template 1/install/gazebo_project' for CMake config files
[2.418s] Level 1:colcon.colcon_core.environment:checking '/home/andres/Documents/autonomous-vehicle-end-to-end-control-project-template 1/install/gazebo_project/lib'
[2.418s] Level 1:colcon.colcon_core.environment:checking '/home/andres/Documents/autonomous-vehicle-end-to-end-control-project-template 1/install/gazebo_project/bin'
[2.418s] Level 1:colcon.colcon_core.environment:checking '/home/andres/Documents/autonomous-vehicle-end-to-end-control-project-template 1/install/gazebo_project/lib/pkgconfig/gazebo_project.pc'
[2.419s] Level 1:colcon.colcon_core.environment:checking '/home/andres/Documents/autonomous-vehicle-end-to-end-control-project-template 1/install/gazebo_project/lib/python3.10/site-packages'
[2.419s] Level 1:colcon.colcon_core.shell:create_environment_hook('gazebo_project', 'pythonpath')
[2.419s] INFO:colcon.colcon_core.shell:Creating environment hook '/home/andres/Documents/autonomous-vehicle-end-to-end-control-project-template 1/install/gazebo_project/share/gazebo_project/hook/pythonpath.ps1'
[2.421s] INFO:colcon.colcon_core.shell:Creating environment descriptor '/home/andres/Documents/autonomous-vehicle-end-to-end-control-project-template 1/install/gazebo_project/share/gazebo_project/hook/pythonpath.dsv'
[2.422s] INFO:colcon.colcon_core.shell:Creating environment hook '/home/andres/Documents/autonomous-vehicle-end-to-end-control-project-template 1/install/gazebo_project/share/gazebo_project/hook/pythonpath.sh'
[2.424s] Level 1:colcon.colcon_core.environment:checking '/home/andres/Documents/autonomous-vehicle-end-to-end-control-project-template 1/install/gazebo_project/bin'
[2.424s] Level 1:colcon.colcon_core.environment:create_environment_scripts_only(gazebo_project)
[2.425s] INFO:colcon.colcon_core.shell:Creating package script '/home/andres/Documents/autonomous-vehicle-end-to-end-control-project-template 1/install/gazebo_project/share/gazebo_project/package.ps1'
[2.426s] INFO:colcon.colcon_core.shell:Creating package descriptor '/home/andres/Documents/autonomous-vehicle-end-to-end-control-project-template 1/install/gazebo_project/share/gazebo_project/package.dsv'
[2.426s] INFO:colcon.colcon_core.shell:Creating package script '/home/andres/Documents/autonomous-vehicle-end-to-end-control-project-template 1/install/gazebo_project/share/gazebo_project/package.sh'
[2.427s] INFO:colcon.colcon_core.shell:Creating package script '/home/andres/Documents/autonomous-vehicle-end-to-end-control-project-template 1/install/gazebo_project/share/gazebo_project/package.bash'
[2.428s] INFO:colcon.colcon_core.shell:Creating package script '/home/andres/Documents/autonomous-vehicle-end-to-end-control-project-template 1/install/gazebo_project/share/gazebo_project/package.zsh'
[2.429s] Level 1:colcon.colcon_core.environment:create_file_with_runtime_dependencies(/home/andres/Documents/autonomous-vehicle-end-to-end-control-project-template 1/install/gazebo_project/share/colcon-core/packages/gazebo_project)
[2.430s] DEBUG:colcon.colcon_parallel_executor.executor.parallel:closing loop
[2.430s] DEBUG:colcon.colcon_parallel_executor.executor.parallel:loop closed
[2.431s] DEBUG:colcon.colcon_parallel_executor.executor.parallel:run_until_complete finished with '0'
[2.432s] DEBUG:colcon.colcon_core.event_reactor:joining thread
[2.441s] INFO:colcon.colcon_core.plugin_system:Skipping extension 'colcon_notification.desktop_notification.terminal_notifier': Not used on non-Darwin systems
[2.441s] INFO:colcon.colcon_core.plugin_system:Skipping extension 'colcon_notification.desktop_notification.win32': Not used on non-Windows systems
[2.441s] INFO:colcon.colcon_notification.desktop_notification:Sending desktop notification using 'notify2'
[2.482s] DEBUG:colcon.colcon_core.event_reactor:joined thread
[2.483s] INFO:colcon.colcon_core.shell:Creating prefix script '/home/andres/Documents/autonomous-vehicle-end-to-end-control-project-template 1/install/local_setup.ps1'
[2.488s] INFO:colcon.colcon_core.shell:Creating prefix util module '/home/andres/Documents/autonomous-vehicle-end-to-end-control-project-template 1/install/_local_setup_util_ps1.py'
[2.490s] INFO:colcon.colcon_core.shell:Creating prefix chain script '/home/andres/Documents/autonomous-vehicle-end-to-end-control-project-template 1/install/setup.ps1'
[2.494s] INFO:colcon.colcon_core.shell:Creating prefix script '/home/andres/Documents/autonomous-vehicle-end-to-end-control-project-template 1/install/local_setup.sh'
[2.495s] INFO:colcon.colcon_core.shell:Creating prefix util module '/home/andres/Documents/autonomous-vehicle-end-to-end-control-project-template 1/install/_local_setup_util_sh.py'
[2.496s] INFO:colcon.colcon_core.shell:Creating prefix chain script '/home/andres/Documents/autonomous-vehicle-end-to-end-control-project-template 1/install/setup.sh'
[2.497s] INFO:colcon.colcon_core.shell:Creating prefix script '/home/andres/Documents/autonomous-vehicle-end-to-end-control-project-template 1/install/local_setup.bash'
[2.498s] INFO:colcon.colcon_core.shell:Creating prefix chain script '/home/andres/Documents/autonomous-vehicle-end-to-end-control-project-template 1/install/setup.bash'
[2.500s] INFO:colcon.colcon_core.shell:Creating prefix script '/home/andres/Documents/autonomous-vehicle-end-to-end-control-project-template 1/install/local_setup.zsh'
[2.501s] INFO:colcon.colcon_core.shell:Creating prefix chain script '/home/andres/Documents/autonomous-vehicle-end-to-end-control-project-template 1/install/setup.zsh'
