[2.331s] Invoking command in '/home/andres/Documents/autonomous-vehicle-end-to-end-control-project-template/autonomous-vehicle-end-to-end-control-project-template/src/gazebo_project': PYTHONPATH=/home/andres/Documents/autonomous-vehicle-end-to-end-control-project-template/build/gazebo_project/prefix_override:/usr/lib/python3/dist-packages/colcon_core/task/python/colcon_distutils_commands:/home/andres/Documents/autonomous-vehicle-end-to-end-control-project-template/install/gazebo_project/lib/python3.10/site-packages:${PYTHONPATH} /usr/bin/python3 -W ignore:setup.py install is deprecated setup.py egg_info --egg-base ../../../build/gazebo_project build --build-base /home/andres/Documents/autonomous-vehicle-end-to-end-control-project-template/build/gazebo_project/build install --record /home/andres/Documents/autonomous-vehicle-end-to-end-control-project-template/build/gazebo_project/install.log --single-version-externally-managed install_data
[3.185s] running egg_info
[3.194s] writing ../../../build/gazebo_project/gazebo_project.egg-info/PKG-INFO
[3.194s] writing dependency_links to ../../../build/gazebo_project/gazebo_project.egg-info/dependency_links.txt
[3.194s] writing entry points to ../../../build/gazebo_project/gazebo_project.egg-info/entry_points.txt
[3.195s] writing requirements to ../../../build/gazebo_project/gazebo_project.egg-info/requires.txt
[3.195s] writing top-level names to ../../../build/gazebo_project/gazebo_project.egg-info/top_level.txt
[3.195s] reading manifest file '../../../build/gazebo_project/gazebo_project.egg-info/SOURCES.txt'
[3.201s] writing manifest file '../../../build/gazebo_project/gazebo_project.egg-info/SOURCES.txt'
[3.202s] running build
[3.202s] running build_py
[3.202s] running install
[3.207s] running install_lib
[3.218s] running install_data
[3.218s] running install_egg_info
[3.220s] removing '/home/andres/Documents/autonomous-vehicle-end-to-end-control-project-template/install/gazebo_project/lib/python3.10/site-packages/gazebo_project-0.0.0-py3.10.egg-info' (and everything under it)
[3.220s] Copying ../../../build/gazebo_project/gazebo_project.egg-info to /home/andres/Documents/autonomous-vehicle-end-to-end-control-project-template/install/gazebo_project/lib/python3.10/site-packages/gazebo_project-0.0.0-py3.10.egg-info
[3.226s] running install_scripts
[3.289s] Installing odometry_tf script to /home/andres/Documents/autonomous-vehicle-end-to-end-control-project-template/install/gazebo_project/lib/gazebo_project
[3.294s] writing list of installed files to '/home/andres/Documents/autonomous-vehicle-end-to-end-control-project-template/build/gazebo_project/install.log'
[3.373s] Invoked command in '/home/andres/Documents/autonomous-vehicle-end-to-end-control-project-template/autonomous-vehicle-end-to-end-control-project-template/src/gazebo_project' returned '0': PYTHONPATH=/home/andres/Documents/autonomous-vehicle-end-to-end-control-project-template/build/gazebo_project/prefix_override:/usr/lib/python3/dist-packages/colcon_core/task/python/colcon_distutils_commands:/home/andres/Documents/autonomous-vehicle-end-to-end-control-project-template/install/gazebo_project/lib/python3.10/site-packages:${PYTHONPATH} /usr/bin/python3 -W ignore:setup.py install is deprecated setup.py egg_info --egg-base ../../../build/gazebo_project build --build-base /home/andres/Documents/autonomous-vehicle-end-to-end-control-project-template/build/gazebo_project/build install --record /home/andres/Documents/autonomous-vehicle-end-to-end-control-project-template/build/gazebo_project/install.log --single-version-externally-managed install_data
