[0.225s] DEBUG:colcon:Command line arguments: ['/usr/bin/colcon', 'build']
[0.225s] DEBUG:colcon:Parsed command line arguments: Namespace(log_base=None, log_level=None, verb_name='build', build_base='build', install_base='install', merge_install=False, symlink_install=False, test_result_base=None, continue_on_error=False, executor='parallel', parallel_workers=4, event_handlers=None, ignore_user_meta=False, metas=['./colcon.meta'], base_paths=['.'], packages_ignore=None, packages_ignore_regex=None, paths=None, packages_up_to=None, packages_up_to_regex=None, packages_above=None, packages_above_and_dependencies=None, packages_above_depth=None, packages_select_by_dep=None, packages_skip_by_dep=None, packages_skip_up_to=None, packages_select_build_failed=False, packages_skip_build_finished=False, packages_select_test_failures=False, packages_skip_test_passed=False, packages_select=None, packages_skip=None, packages_select_regex=None, packages_skip_regex=None, packages_start=None, packages_end=None, allow_overriding=[], cmake_args=None, cmake_target=None, cmake_target_skip_unavailable=False, cmake_clean_cache=False, cmake_clean_first=False, cmake_force_configure=False, ament_cmake_args=None, catkin_cmake_args=None, catkin_skip_building_tests=False, mixin_files=None, mixin=None, verb_parser=<colcon_mixin.mixin.mixin_argument.MixinArgumentDecorator object at 0x74fa545476d0>, verb_extension=<colcon_core.verb.build.BuildVerb object at 0x74fa546f5060>, main=<bound method BuildVerb.main of <colcon_core.verb.build.BuildVerb object at 0x74fa546f5060>>, mixin_verb=('build',))
[0.529s] Level 1:colcon.colcon_core.package_discovery:discover_packages(colcon_meta) check parameters
[0.529s] Level 1:colcon.colcon_core.package_discovery:discover_packages(recursive) check parameters
[0.529s] Level 1:colcon.colcon_core.package_discovery:discover_packages(ignore) check parameters
[0.530s] Level 1:colcon.colcon_core.package_discovery:discover_packages(path) check parameters
[0.530s] Level 1:colcon.colcon_core.package_discovery:discover_packages(colcon_meta) discover
[0.530s] Level 1:colcon.colcon_core.package_discovery:discover_packages(recursive) discover
[0.530s] INFO:colcon.colcon_core.package_discovery:Crawling recursively for packages in '/home/andres/Documents/autonomous-vehicle-end-to-end-control-project-template'
[0.531s] Level 1:colcon.colcon_core.package_identification:_identify(.) by extensions ['ignore', 'ignore_ament_install']
[0.531s] Level 1:colcon.colcon_core.package_identification:_identify(.) by extension 'ignore'
[0.531s] Level 1:colcon.colcon_core.package_identification:_identify(.) by extension 'ignore_ament_install'
[0.531s] Level 1:colcon.colcon_core.package_identification:_identify(.) by extensions ['colcon_pkg']
[0.532s] Level 1:colcon.colcon_core.package_identification:_identify(.) by extension 'colcon_pkg'
[0.532s] Level 1:colcon.colcon_core.package_identification:_identify(.) by extensions ['colcon_meta']
[0.532s] Level 1:colcon.colcon_core.package_identification:_identify(.) by extension 'colcon_meta'
[0.533s] Level 1:colcon.colcon_core.package_identification:_identify(.) by extensions ['ros']
[0.533s] Level 1:colcon.colcon_core.package_identification:_identify(.) by extension 'ros'
[0.549s] Level 1:colcon.colcon_core.package_identification:_identify(.) by extensions ['cmake', 'python']
[0.550s] Level 1:colcon.colcon_core.package_identification:_identify(.) by extension 'cmake'
[0.550s] Level 1:colcon.colcon_core.package_identification:_identify(.) by extension 'python'
[0.550s] Level 1:colcon.colcon_core.package_identification:_identify(.) by extensions ['python_setup_py']
[0.550s] Level 1:colcon.colcon_core.package_identification:_identify(.) by extension 'python_setup_py'
[0.551s] Level 1:colcon.colcon_core.package_identification:_identify(autonomous-vehicle-end-to-end-control-project-template) by extensions ['ignore', 'ignore_ament_install']
[0.551s] Level 1:colcon.colcon_core.package_identification:_identify(autonomous-vehicle-end-to-end-control-project-template) by extension 'ignore'
[0.552s] Level 1:colcon.colcon_core.package_identification:_identify(autonomous-vehicle-end-to-end-control-project-template) by extension 'ignore_ament_install'
[0.552s] Level 1:colcon.colcon_core.package_identification:_identify(autonomous-vehicle-end-to-end-control-project-template) by extensions ['colcon_pkg']
[0.552s] Level 1:colcon.colcon_core.package_identification:_identify(autonomous-vehicle-end-to-end-control-project-template) by extension 'colcon_pkg'
[0.552s] Level 1:colcon.colcon_core.package_identification:_identify(autonomous-vehicle-end-to-end-control-project-template) by extensions ['colcon_meta']
[0.553s] Level 1:colcon.colcon_core.package_identification:_identify(autonomous-vehicle-end-to-end-control-project-template) by extension 'colcon_meta'
[0.553s] Level 1:colcon.colcon_core.package_identification:_identify(autonomous-vehicle-end-to-end-control-project-template) by extensions ['ros']
[0.553s] Level 1:colcon.colcon_core.package_identification:_identify(autonomous-vehicle-end-to-end-control-project-template) by extension 'ros'
[0.553s] Level 1:colcon.colcon_core.package_identification:_identify(autonomous-vehicle-end-to-end-control-project-template) by extensions ['cmake', 'python']
[0.553s] Level 1:colcon.colcon_core.package_identification:_identify(autonomous-vehicle-end-to-end-control-project-template) by extension 'cmake'
[0.554s] Level 1:colcon.colcon_core.package_identification:_identify(autonomous-vehicle-end-to-end-control-project-template) by extension 'python'
[0.554s] Level 1:colcon.colcon_core.package_identification:_identify(autonomous-vehicle-end-to-end-control-project-template) by extensions ['python_setup_py']
[0.554s] Level 1:colcon.colcon_core.package_identification:_identify(autonomous-vehicle-end-to-end-control-project-template) by extension 'python_setup_py'
[0.554s] Level 1:colcon.colcon_core.package_identification:_identify(autonomous-vehicle-end-to-end-control-project-template/build) by extensions ['ignore', 'ignore_ament_install']
[0.555s] Level 1:colcon.colcon_core.package_identification:_identify(autonomous-vehicle-end-to-end-control-project-template/build) by extension 'ignore'
[0.555s] Level 1:colcon.colcon_core.package_identification:_identify(autonomous-vehicle-end-to-end-control-project-template/build) ignored
[0.556s] Level 1:colcon.colcon_core.package_identification:_identify(autonomous-vehicle-end-to-end-control-project-template/install) by extensions ['ignore', 'ignore_ament_install']
[0.557s] Level 1:colcon.colcon_core.package_identification:_identify(autonomous-vehicle-end-to-end-control-project-template/install) by extension 'ignore'
[0.557s] Level 1:colcon.colcon_core.package_identification:_identify(autonomous-vehicle-end-to-end-control-project-template/install) ignored
[0.558s] Level 1:colcon.colcon_core.package_identification:_identify(autonomous-vehicle-end-to-end-control-project-template/log) by extensions ['ignore', 'ignore_ament_install']
[0.558s] Level 1:colcon.colcon_core.package_identification:_identify(autonomous-vehicle-end-to-end-control-project-template/log) by extension 'ignore'
[0.559s] Level 1:colcon.colcon_core.package_identification:_identify(autonomous-vehicle-end-to-end-control-project-template/log) ignored
[0.560s] Level 1:colcon.colcon_core.package_identification:_identify(autonomous-vehicle-end-to-end-control-project-template/src) by extensions ['ignore', 'ignore_ament_install']
[0.560s] Level 1:colcon.colcon_core.package_identification:_identify(autonomous-vehicle-end-to-end-control-project-template/src) by extension 'ignore'
[0.561s] Level 1:colcon.colcon_core.package_identification:_identify(autonomous-vehicle-end-to-end-control-project-template/src) by extension 'ignore_ament_install'
[0.561s] Level 1:colcon.colcon_core.package_identification:_identify(autonomous-vehicle-end-to-end-control-project-template/src) by extensions ['colcon_pkg']
[0.561s] Level 1:colcon.colcon_core.package_identification:_identify(autonomous-vehicle-end-to-end-control-project-template/src) by extension 'colcon_pkg'
[0.561s] Level 1:colcon.colcon_core.package_identification:_identify(autonomous-vehicle-end-to-end-control-project-template/src) by extensions ['colcon_meta']
[0.561s] Level 1:colcon.colcon_core.package_identification:_identify(autonomous-vehicle-end-to-end-control-project-template/src) by extension 'colcon_meta'
[0.562s] Level 1:colcon.colcon_core.package_identification:_identify(autonomous-vehicle-end-to-end-control-project-template/src) by extensions ['ros']
[0.562s] Level 1:colcon.colcon_core.package_identification:_identify(autonomous-vehicle-end-to-end-control-project-template/src) by extension 'ros'
[0.562s] Level 1:colcon.colcon_core.package_identification:_identify(autonomous-vehicle-end-to-end-control-project-template/src) by extensions ['cmake', 'python']
[0.562s] Level 1:colcon.colcon_core.package_identification:_identify(autonomous-vehicle-end-to-end-control-project-template/src) by extension 'cmake'
[0.562s] Level 1:colcon.colcon_core.package_identification:_identify(autonomous-vehicle-end-to-end-control-project-template/src) by extension 'python'
[0.562s] Level 1:colcon.colcon_core.package_identification:_identify(autonomous-vehicle-end-to-end-control-project-template/src) by extensions ['python_setup_py']
[0.562s] Level 1:colcon.colcon_core.package_identification:_identify(autonomous-vehicle-end-to-end-control-project-template/src) by extension 'python_setup_py'
[0.562s] Level 1:colcon.colcon_core.package_identification:_identify(autonomous-vehicle-end-to-end-control-project-template/src/gazebo_project) by extensions ['ignore', 'ignore_ament_install']
[0.565s] Level 1:colcon.colcon_core.package_identification:_identify(autonomous-vehicle-end-to-end-control-project-template/src/gazebo_project) by extension 'ignore'
[0.565s] Level 1:colcon.colcon_core.package_identification:_identify(autonomous-vehicle-end-to-end-control-project-template/src/gazebo_project) by extension 'ignore_ament_install'
[0.565s] Level 1:colcon.colcon_core.package_identification:_identify(autonomous-vehicle-end-to-end-control-project-template/src/gazebo_project) by extensions ['colcon_pkg']
[0.565s] Level 1:colcon.colcon_core.package_identification:_identify(autonomous-vehicle-end-to-end-control-project-template/src/gazebo_project) by extension 'colcon_pkg'
[0.565s] Level 1:colcon.colcon_core.package_identification:_identify(autonomous-vehicle-end-to-end-control-project-template/src/gazebo_project) by extensions ['colcon_meta']
[0.565s] Level 1:colcon.colcon_core.package_identification:_identify(autonomous-vehicle-end-to-end-control-project-template/src/gazebo_project) by extension 'colcon_meta'
[0.565s] Level 1:colcon.colcon_core.package_identification:_identify(autonomous-vehicle-end-to-end-control-project-template/src/gazebo_project) by extensions ['ros']
[0.565s] Level 1:colcon.colcon_core.package_identification:_identify(autonomous-vehicle-end-to-end-control-project-template/src/gazebo_project) by extension 'ros'
[0.570s] DEBUG:colcon.colcon_core.package_identification:Package 'autonomous-vehicle-end-to-end-control-project-template/src/gazebo_project' with type 'ros.ament_python' and name 'gazebo_project'
[0.570s] Level 1:colcon.colcon_core.package_identification:_identify(autonomous-vehicle-end-to-end-control-project-template/src/perception_and_controller) by extensions ['ignore', 'ignore_ament_install']
[0.571s] Level 1:colcon.colcon_core.package_identification:_identify(autonomous-vehicle-end-to-end-control-project-template/src/perception_and_controller) by extension 'ignore'
[0.571s] Level 1:colcon.colcon_core.package_identification:_identify(autonomous-vehicle-end-to-end-control-project-template/src/perception_and_controller) by extension 'ignore_ament_install'
[0.571s] Level 1:colcon.colcon_core.package_identification:_identify(autonomous-vehicle-end-to-end-control-project-template/src/perception_and_controller) by extensions ['colcon_pkg']
[0.572s] Level 1:colcon.colcon_core.package_identification:_identify(autonomous-vehicle-end-to-end-control-project-template/src/perception_and_controller) by extension 'colcon_pkg'
[0.572s] Level 1:colcon.colcon_core.package_identification:_identify(autonomous-vehicle-end-to-end-control-project-template/src/perception_and_controller) by extensions ['colcon_meta']
[0.572s] Level 1:colcon.colcon_core.package_identification:_identify(autonomous-vehicle-end-to-end-control-project-template/src/perception_and_controller) by extension 'colcon_meta'
[0.573s] Level 1:colcon.colcon_core.package_identification:_identify(autonomous-vehicle-end-to-end-control-project-template/src/perception_and_controller) by extensions ['ros']
[0.573s] Level 1:colcon.colcon_core.package_identification:_identify(autonomous-vehicle-end-to-end-control-project-template/src/perception_and_controller) by extension 'ros'
[0.574s] DEBUG:colcon.colcon_core.package_identification:Package 'autonomous-vehicle-end-to-end-control-project-template/src/perception_and_controller' with type 'ros.ament_python' and name 'perception_and_controller'
[0.575s] Level 1:colcon.colcon_core.package_identification:_identify(build) by extensions ['ignore', 'ignore_ament_install']
[0.575s] Level 1:colcon.colcon_core.package_identification:_identify(build) by extension 'ignore'
[0.575s] Level 1:colcon.colcon_core.package_identification:_identify(build) ignored
[0.576s] Level 1:colcon.colcon_core.package_identification:_identify(install) by extensions ['ignore', 'ignore_ament_install']
[0.576s] Level 1:colcon.colcon_core.package_identification:_identify(install) by extension 'ignore'
[0.577s] Level 1:colcon.colcon_core.package_identification:_identify(install) ignored
[0.577s] Level 1:colcon.colcon_core.package_identification:_identify(log) by extensions ['ignore', 'ignore_ament_install']
[0.577s] Level 1:colcon.colcon_core.package_identification:_identify(log) by extension 'ignore'
[0.577s] Level 1:colcon.colcon_core.package_identification:_identify(log) ignored
[0.577s] Level 1:colcon.colcon_core.package_discovery:discover_packages(recursive) using defaults
[0.578s] Level 1:colcon.colcon_core.package_discovery:discover_packages(ignore) discover
[0.578s] Level 1:colcon.colcon_core.package_discovery:discover_packages(ignore) using defaults
[0.578s] Level 1:colcon.colcon_core.package_discovery:discover_packages(path) discover
[0.578s] Level 1:colcon.colcon_core.package_discovery:discover_packages(path) using defaults
[0.640s] Level 1:colcon.colcon_core.package_discovery:discover_packages(prefix_path) check parameters
[0.641s] Level 1:colcon.colcon_core.package_discovery:discover_packages(prefix_path) discover
[0.644s] DEBUG:colcon.colcon_installed_package_information.package_discovery:Found 2 installed packages in /home/andres/Documents/autonomous-vehicle-end-to-end-control-project-template/install
[0.646s] DEBUG:colcon.colcon_installed_package_information.package_discovery:Found 304 installed packages in /opt/ros/humble
[0.649s] Level 1:colcon.colcon_core.package_discovery:discover_packages(prefix_path) using defaults
[0.713s] Level 5:colcon.colcon_core.verb:set package 'gazebo_project' build argument 'cmake_args' from command line to 'None'
[0.714s] Level 5:colcon.colcon_core.verb:set package 'gazebo_project' build argument 'cmake_target' from command line to 'None'
[0.715s] Level 5:colcon.colcon_core.verb:set package 'gazebo_project' build argument 'cmake_target_skip_unavailable' from command line to 'False'
[0.715s] Level 5:colcon.colcon_core.verb:set package 'gazebo_project' build argument 'cmake_clean_cache' from command line to 'False'
[0.715s] Level 5:colcon.colcon_core.verb:set package 'gazebo_project' build argument 'cmake_clean_first' from command line to 'False'
[0.715s] Level 5:colcon.colcon_core.verb:set package 'gazebo_project' build argument 'cmake_force_configure' from command line to 'False'
[0.715s] Level 5:colcon.colcon_core.verb:set package 'gazebo_project' build argument 'ament_cmake_args' from command line to 'None'
[0.716s] Level 5:colcon.colcon_core.verb:set package 'gazebo_project' build argument 'catkin_cmake_args' from command line to 'None'
[0.716s] Level 5:colcon.colcon_core.verb:set package 'gazebo_project' build argument 'catkin_skip_building_tests' from command line to 'False'
[0.716s] DEBUG:colcon.colcon_core.verb:Building package 'gazebo_project' with the following arguments: {'ament_cmake_args': None, 'build_base': '/home/andres/Documents/autonomous-vehicle-end-to-end-control-project-template/build/gazebo_project', 'catkin_cmake_args': None, 'catkin_skip_building_tests': False, 'cmake_args': None, 'cmake_clean_cache': False, 'cmake_clean_first': False, 'cmake_force_configure': False, 'cmake_target': None, 'cmake_target_skip_unavailable': False, 'install_base': '/home/andres/Documents/autonomous-vehicle-end-to-end-control-project-template/install/gazebo_project', 'merge_install': False, 'path': '/home/andres/Documents/autonomous-vehicle-end-to-end-control-project-template/autonomous-vehicle-end-to-end-control-project-template/src/gazebo_project', 'symlink_install': False, 'test_result_base': None}
[0.717s] Level 5:colcon.colcon_core.verb:set package 'perception_and_controller' build argument 'cmake_args' from command line to 'None'
[0.717s] Level 5:colcon.colcon_core.verb:set package 'perception_and_controller' build argument 'cmake_target' from command line to 'None'
[0.717s] Level 5:colcon.colcon_core.verb:set package 'perception_and_controller' build argument 'cmake_target_skip_unavailable' from command line to 'False'
[0.717s] Level 5:colcon.colcon_core.verb:set package 'perception_and_controller' build argument 'cmake_clean_cache' from command line to 'False'
[0.717s] Level 5:colcon.colcon_core.verb:set package 'perception_and_controller' build argument 'cmake_clean_first' from command line to 'False'
[0.717s] Level 5:colcon.colcon_core.verb:set package 'perception_and_controller' build argument 'cmake_force_configure' from command line to 'False'
[0.718s] Level 5:colcon.colcon_core.verb:set package 'perception_and_controller' build argument 'ament_cmake_args' from command line to 'None'
[0.718s] Level 5:colcon.colcon_core.verb:set package 'perception_and_controller' build argument 'catkin_cmake_args' from command line to 'None'
[0.718s] Level 5:colcon.colcon_core.verb:set package 'perception_and_controller' build argument 'catkin_skip_building_tests' from command line to 'False'
[0.718s] DEBUG:colcon.colcon_core.verb:Building package 'perception_and_controller' with the following arguments: {'ament_cmake_args': None, 'build_base': '/home/andres/Documents/autonomous-vehicle-end-to-end-control-project-template/build/perception_and_controller', 'catkin_cmake_args': None, 'catkin_skip_building_tests': False, 'cmake_args': None, 'cmake_clean_cache': False, 'cmake_clean_first': False, 'cmake_force_configure': False, 'cmake_target': None, 'cmake_target_skip_unavailable': False, 'install_base': '/home/andres/Documents/autonomous-vehicle-end-to-end-control-project-template/install/perception_and_controller', 'merge_install': False, 'path': '/home/andres/Documents/autonomous-vehicle-end-to-end-control-project-template/autonomous-vehicle-end-to-end-control-project-template/src/perception_and_controller', 'symlink_install': False, 'test_result_base': None}
[0.719s] INFO:colcon.colcon_core.executor:Executing jobs using 'parallel' executor
[0.721s] DEBUG:colcon.colcon_parallel_executor.executor.parallel:run_until_complete
[0.723s] INFO:colcon.colcon_ros.task.ament_python.build:Building ROS package in '/home/andres/Documents/autonomous-vehicle-end-to-end-control-project-template/autonomous-vehicle-end-to-end-control-project-template/src/gazebo_project' with build type 'ament_python'
[0.724s] Level 1:colcon.colcon_core.shell:create_environment_hook('gazebo_project', 'ament_prefix_path')
[0.729s] INFO:colcon.colcon_core.plugin_system:Skipping extension 'colcon_core.shell.bat': Not used on non-Windows systems
[0.731s] INFO:colcon.colcon_core.shell:Creating environment hook '/home/andres/Documents/autonomous-vehicle-end-to-end-control-project-template/install/gazebo_project/share/gazebo_project/hook/ament_prefix_path.ps1'
[0.733s] INFO:colcon.colcon_core.shell:Creating environment descriptor '/home/andres/Documents/autonomous-vehicle-end-to-end-control-project-template/install/gazebo_project/share/gazebo_project/hook/ament_prefix_path.dsv'
[0.734s] INFO:colcon.colcon_core.shell:Creating environment hook '/home/andres/Documents/autonomous-vehicle-end-to-end-control-project-template/install/gazebo_project/share/gazebo_project/hook/ament_prefix_path.sh'
[0.737s] INFO:colcon.colcon_core.shell:Skip shell extension 'powershell' for command environment: Not usable outside of PowerShell
[0.737s] DEBUG:colcon.colcon_core.shell:Skip shell extension 'dsv' for command environment
[0.745s] INFO:colcon.colcon_ros.task.ament_python.build:Building ROS package in '/home/andres/Documents/autonomous-vehicle-end-to-end-control-project-template/autonomous-vehicle-end-to-end-control-project-template/src/perception_and_controller' with build type 'ament_python'
[0.745s] Level 1:colcon.colcon_core.shell:create_environment_hook('perception_and_controller', 'ament_prefix_path')
[0.748s] INFO:colcon.colcon_core.shell:Creating environment hook '/home/andres/Documents/autonomous-vehicle-end-to-end-control-project-template/install/perception_and_controller/share/perception_and_controller/hook/ament_prefix_path.ps1'
[0.751s] INFO:colcon.colcon_core.shell:Creating environment descriptor '/home/andres/Documents/autonomous-vehicle-end-to-end-control-project-template/install/perception_and_controller/share/perception_and_controller/hook/ament_prefix_path.dsv'
[0.752s] INFO:colcon.colcon_core.shell:Creating environment hook '/home/andres/Documents/autonomous-vehicle-end-to-end-control-project-template/install/perception_and_controller/share/perception_and_controller/hook/ament_prefix_path.sh'
[0.755s] INFO:colcon.colcon_core.shell:Skip shell extension 'powershell' for command environment: Not usable outside of PowerShell
[0.755s] DEBUG:colcon.colcon_core.shell:Skip shell extension 'dsv' for command environment
[1.401s] INFO:colcon.colcon_core.task.python.build:Building Python package in '/home/andres/Documents/autonomous-vehicle-end-to-end-control-project-template/autonomous-vehicle-end-to-end-control-project-template/src/gazebo_project'
[1.401s] INFO:colcon.colcon_core.shell:Skip shell extension 'powershell' for command environment: Not usable outside of PowerShell
[1.401s] DEBUG:colcon.colcon_core.shell:Skip shell extension 'dsv' for command environment
[1.947s] INFO:colcon.colcon_core.task.python.build:Building Python package in '/home/andres/Documents/autonomous-vehicle-end-to-end-control-project-template/autonomous-vehicle-end-to-end-control-project-template/src/perception_and_controller'
[1.947s] INFO:colcon.colcon_core.shell:Skip shell extension 'powershell' for command environment: Not usable outside of PowerShell
[1.947s] DEBUG:colcon.colcon_core.shell:Skip shell extension 'dsv' for command environment
[2.859s] DEBUG:colcon.colcon_core.event_handler.log_command:Invoking command in '/home/andres/Documents/autonomous-vehicle-end-to-end-control-project-template/autonomous-vehicle-end-to-end-control-project-template/src/perception_and_controller': PYTHONPATH=/home/andres/Documents/autonomous-vehicle-end-to-end-control-project-template/build/perception_and_controller/prefix_override:/usr/lib/python3/dist-packages/colcon_core/task/python/colcon_distutils_commands:/home/andres/Documents/autonomous-vehicle-end-to-end-control-project-template/install/perception_and_controller/lib/python3.10/site-packages:${PYTHONPATH} /usr/bin/python3 -W ignore:setup.py install is deprecated setup.py egg_info --egg-base ../../../build/perception_and_controller build --build-base /home/andres/Documents/autonomous-vehicle-end-to-end-control-project-template/build/perception_and_controller/build install --record /home/andres/Documents/autonomous-vehicle-end-to-end-control-project-template/build/perception_and_controller/install.log --single-version-externally-managed install_data
[2.916s] DEBUG:colcon.colcon_core.event_handler.log_command:Invoking command in '/home/andres/Documents/autonomous-vehicle-end-to-end-control-project-template/autonomous-vehicle-end-to-end-control-project-template/src/gazebo_project': PYTHONPATH=/home/andres/Documents/autonomous-vehicle-end-to-end-control-project-template/build/gazebo_project/prefix_override:/usr/lib/python3/dist-packages/colcon_core/task/python/colcon_distutils_commands:/home/andres/Documents/autonomous-vehicle-end-to-end-control-project-template/install/gazebo_project/lib/python3.10/site-packages:${PYTHONPATH} /usr/bin/python3 -W ignore:setup.py install is deprecated setup.py egg_info --egg-base ../../../build/gazebo_project build --build-base /home/andres/Documents/autonomous-vehicle-end-to-end-control-project-template/build/gazebo_project/build install --record /home/andres/Documents/autonomous-vehicle-end-to-end-control-project-template/build/gazebo_project/install.log --single-version-externally-managed install_data
[3.666s] DEBUG:colcon.colcon_core.event_handler.log_command:Invoked command in '/home/andres/Documents/autonomous-vehicle-end-to-end-control-project-template/autonomous-vehicle-end-to-end-control-project-template/src/perception_and_controller' returned '0': PYTHONPATH=/home/andres/Documents/autonomous-vehicle-end-to-end-control-project-template/build/perception_and_controller/prefix_override:/usr/lib/python3/dist-packages/colcon_core/task/python/colcon_distutils_commands:/home/andres/Documents/autonomous-vehicle-end-to-end-control-project-template/install/perception_and_controller/lib/python3.10/site-packages:${PYTHONPATH} /usr/bin/python3 -W ignore:setup.py install is deprecated setup.py egg_info --egg-base ../../../build/perception_and_controller build --build-base /home/andres/Documents/autonomous-vehicle-end-to-end-control-project-template/build/perception_and_controller/build install --record /home/andres/Documents/autonomous-vehicle-end-to-end-control-project-template/build/perception_and_controller/install.log --single-version-externally-managed install_data
[3.672s] Level 1:colcon.colcon_core.environment:checking '/home/andres/Documents/autonomous-vehicle-end-to-end-control-project-template/install/perception_and_controller' for CMake module files
[3.673s] Level 1:colcon.colcon_core.environment:checking '/home/andres/Documents/autonomous-vehicle-end-to-end-control-project-template/install/perception_and_controller' for CMake config files
[3.678s] Level 1:colcon.colcon_core.environment:checking '/home/andres/Documents/autonomous-vehicle-end-to-end-control-project-template/install/perception_and_controller/lib'
[3.678s] Level 1:colcon.colcon_core.environment:checking '/home/andres/Documents/autonomous-vehicle-end-to-end-control-project-template/install/perception_and_controller/bin'
[3.679s] Level 1:colcon.colcon_core.environment:checking '/home/andres/Documents/autonomous-vehicle-end-to-end-control-project-template/install/perception_and_controller/lib/pkgconfig/perception_and_controller.pc'
[3.679s] Level 1:colcon.colcon_core.environment:checking '/home/andres/Documents/autonomous-vehicle-end-to-end-control-project-template/install/perception_and_controller/lib/python3.10/site-packages'
[3.679s] Level 1:colcon.colcon_core.shell:create_environment_hook('perception_and_controller', 'pythonpath')
[3.679s] INFO:colcon.colcon_core.shell:Creating environment hook '/home/andres/Documents/autonomous-vehicle-end-to-end-control-project-template/install/perception_and_controller/share/perception_and_controller/hook/pythonpath.ps1'
[3.681s] INFO:colcon.colcon_core.shell:Creating environment descriptor '/home/andres/Documents/autonomous-vehicle-end-to-end-control-project-template/install/perception_and_controller/share/perception_and_controller/hook/pythonpath.dsv'
[3.682s] INFO:colcon.colcon_core.shell:Creating environment hook '/home/andres/Documents/autonomous-vehicle-end-to-end-control-project-template/install/perception_and_controller/share/perception_and_controller/hook/pythonpath.sh'
[3.683s] Level 1:colcon.colcon_core.environment:checking '/home/andres/Documents/autonomous-vehicle-end-to-end-control-project-template/install/perception_and_controller/bin'
[3.683s] Level 1:colcon.colcon_core.environment:create_environment_scripts_only(perception_and_controller)
[3.684s] INFO:colcon.colcon_core.shell:Creating package script '/home/andres/Documents/autonomous-vehicle-end-to-end-control-project-template/install/perception_and_controller/share/perception_and_controller/package.ps1'
[3.685s] INFO:colcon.colcon_core.shell:Creating package descriptor '/home/andres/Documents/autonomous-vehicle-end-to-end-control-project-template/install/perception_and_controller/share/perception_and_controller/package.dsv'
[3.687s] INFO:colcon.colcon_core.shell:Creating package script '/home/andres/Documents/autonomous-vehicle-end-to-end-control-project-template/install/perception_and_controller/share/perception_and_controller/package.sh'
[3.688s] INFO:colcon.colcon_core.shell:Creating package script '/home/andres/Documents/autonomous-vehicle-end-to-end-control-project-template/install/perception_and_controller/share/perception_and_controller/package.bash'
[3.690s] INFO:colcon.colcon_core.shell:Creating package script '/home/andres/Documents/autonomous-vehicle-end-to-end-control-project-template/install/perception_and_controller/share/perception_and_controller/package.zsh'
[3.694s] Level 1:colcon.colcon_core.environment:create_file_with_runtime_dependencies(/home/andres/Documents/autonomous-vehicle-end-to-end-control-project-template/install/perception_and_controller/share/colcon-core/packages/perception_and_controller)
[3.757s] Level 1:colcon.colcon_core.environment:checking '/home/andres/Documents/autonomous-vehicle-end-to-end-control-project-template/install/gazebo_project' for CMake module files
[3.758s] Level 1:colcon.colcon_core.environment:checking '/home/andres/Documents/autonomous-vehicle-end-to-end-control-project-template/install/gazebo_project' for CMake config files
[3.759s] Level 1:colcon.colcon_core.environment:checking '/home/andres/Documents/autonomous-vehicle-end-to-end-control-project-template/install/gazebo_project/lib'
[3.759s] Level 1:colcon.colcon_core.environment:checking '/home/andres/Documents/autonomous-vehicle-end-to-end-control-project-template/install/gazebo_project/bin'
[3.760s] Level 1:colcon.colcon_core.environment:checking '/home/andres/Documents/autonomous-vehicle-end-to-end-control-project-template/install/gazebo_project/lib/pkgconfig/gazebo_project.pc'
[3.760s] DEBUG:colcon.colcon_core.event_handler.log_command:Invoked command in '/home/andres/Documents/autonomous-vehicle-end-to-end-control-project-template/autonomous-vehicle-end-to-end-control-project-template/src/gazebo_project' returned '0': PYTHONPATH=/home/andres/Documents/autonomous-vehicle-end-to-end-control-project-template/build/gazebo_project/prefix_override:/usr/lib/python3/dist-packages/colcon_core/task/python/colcon_distutils_commands:/home/andres/Documents/autonomous-vehicle-end-to-end-control-project-template/install/gazebo_project/lib/python3.10/site-packages:${PYTHONPATH} /usr/bin/python3 -W ignore:setup.py install is deprecated setup.py egg_info --egg-base ../../../build/gazebo_project build --build-base /home/andres/Documents/autonomous-vehicle-end-to-end-control-project-template/build/gazebo_project/build install --record /home/andres/Documents/autonomous-vehicle-end-to-end-control-project-template/build/gazebo_project/install.log --single-version-externally-managed install_data
[3.761s] Level 1:colcon.colcon_core.environment:checking '/home/andres/Documents/autonomous-vehicle-end-to-end-control-project-template/install/gazebo_project/lib/python3.10/site-packages'
[3.762s] Level 1:colcon.colcon_core.shell:create_environment_hook('gazebo_project', 'pythonpath')
[3.762s] INFO:colcon.colcon_core.shell:Creating environment hook '/home/andres/Documents/autonomous-vehicle-end-to-end-control-project-template/install/gazebo_project/share/gazebo_project/hook/pythonpath.ps1'
[3.763s] INFO:colcon.colcon_core.shell:Creating environment descriptor '/home/andres/Documents/autonomous-vehicle-end-to-end-control-project-template/install/gazebo_project/share/gazebo_project/hook/pythonpath.dsv'
[3.765s] INFO:colcon.colcon_core.shell:Creating environment hook '/home/andres/Documents/autonomous-vehicle-end-to-end-control-project-template/install/gazebo_project/share/gazebo_project/hook/pythonpath.sh'
[3.769s] Level 1:colcon.colcon_core.environment:checking '/home/andres/Documents/autonomous-vehicle-end-to-end-control-project-template/install/gazebo_project/bin'
[3.770s] Level 1:colcon.colcon_core.environment:create_environment_scripts_only(gazebo_project)
[3.771s] INFO:colcon.colcon_core.shell:Creating package script '/home/andres/Documents/autonomous-vehicle-end-to-end-control-project-template/install/gazebo_project/share/gazebo_project/package.ps1'
[3.772s] INFO:colcon.colcon_core.shell:Creating package descriptor '/home/andres/Documents/autonomous-vehicle-end-to-end-control-project-template/install/gazebo_project/share/gazebo_project/package.dsv'
[3.774s] INFO:colcon.colcon_core.shell:Creating package script '/home/andres/Documents/autonomous-vehicle-end-to-end-control-project-template/install/gazebo_project/share/gazebo_project/package.sh'
[3.775s] INFO:colcon.colcon_core.shell:Creating package script '/home/andres/Documents/autonomous-vehicle-end-to-end-control-project-template/install/gazebo_project/share/gazebo_project/package.bash'
[3.776s] INFO:colcon.colcon_core.shell:Creating package script '/home/andres/Documents/autonomous-vehicle-end-to-end-control-project-template/install/gazebo_project/share/gazebo_project/package.zsh'
[3.777s] Level 1:colcon.colcon_core.environment:create_file_with_runtime_dependencies(/home/andres/Documents/autonomous-vehicle-end-to-end-control-project-template/install/gazebo_project/share/colcon-core/packages/gazebo_project)
[3.779s] DEBUG:colcon.colcon_parallel_executor.executor.parallel:closing loop
[3.779s] DEBUG:colcon.colcon_parallel_executor.executor.parallel:loop closed
[3.779s] DEBUG:colcon.colcon_parallel_executor.executor.parallel:run_until_complete finished with '0'
[3.780s] DEBUG:colcon.colcon_core.event_reactor:joining thread
[3.793s] INFO:colcon.colcon_core.plugin_system:Skipping extension 'colcon_notification.desktop_notification.terminal_notifier': Not used on non-Darwin systems
[3.793s] INFO:colcon.colcon_core.plugin_system:Skipping extension 'colcon_notification.desktop_notification.win32': Not used on non-Windows systems
[3.793s] INFO:colcon.colcon_notification.desktop_notification:Sending desktop notification using 'notify2'
[3.834s] DEBUG:colcon.colcon_core.event_reactor:joined thread
[3.835s] INFO:colcon.colcon_core.shell:Creating prefix script '/home/andres/Documents/autonomous-vehicle-end-to-end-control-project-template/install/local_setup.ps1'
[3.837s] INFO:colcon.colcon_core.shell:Creating prefix util module '/home/andres/Documents/autonomous-vehicle-end-to-end-control-project-template/install/_local_setup_util_ps1.py'
[3.839s] INFO:colcon.colcon_core.shell:Creating prefix chain script '/home/andres/Documents/autonomous-vehicle-end-to-end-control-project-template/install/setup.ps1'
[3.848s] INFO:colcon.colcon_core.shell:Creating prefix script '/home/andres/Documents/autonomous-vehicle-end-to-end-control-project-template/install/local_setup.sh'
[3.851s] INFO:colcon.colcon_core.shell:Creating prefix util module '/home/andres/Documents/autonomous-vehicle-end-to-end-control-project-template/install/_local_setup_util_sh.py'
[3.853s] INFO:colcon.colcon_core.shell:Creating prefix chain script '/home/andres/Documents/autonomous-vehicle-end-to-end-control-project-template/install/setup.sh'
[3.859s] INFO:colcon.colcon_core.shell:Creating prefix script '/home/andres/Documents/autonomous-vehicle-end-to-end-control-project-template/install/local_setup.bash'
[3.860s] INFO:colcon.colcon_core.shell:Creating prefix chain script '/home/andres/Documents/autonomous-vehicle-end-to-end-control-project-template/install/setup.bash'
[3.864s] INFO:colcon.colcon_core.shell:Creating prefix script '/home/andres/Documents/autonomous-vehicle-end-to-end-control-project-template/install/local_setup.zsh'
[3.867s] INFO:colcon.colcon_core.shell:Creating prefix chain script '/home/andres/Documents/autonomous-vehicle-end-to-end-control-project-template/install/setup.zsh'
