running egg_info
writing ../../../build/gazebo_project/gazebo_project.egg-info/PKG-INFO
writing dependency_links to ../../../build/gazebo_project/gazebo_project.egg-info/dependency_links.txt
writing entry points to ../../../build/gazebo_project/gazebo_project.egg-info/entry_points.txt
writing requirements to ../../../build/gazebo_project/gazebo_project.egg-info/requires.txt
writing top-level names to ../../../build/gazebo_project/gazebo_project.egg-info/top_level.txt
reading manifest file '../../../build/gazebo_project/gazebo_project.egg-info/SOURCES.txt'
writing manifest file '../../../build/gazebo_project/gazebo_project.egg-info/SOURCES.txt'
running build
running build_py
running install
running install_lib
running install_data
copying urdf/robot.urdf -> /home/andres/Documents/autonomous-vehicle-end-to-end-control-project-template/install/gazebo_project/share/gazebo_project/urdf
running install_egg_info
removing '/home/andres/Documents/autonomous-vehicle-end-to-end-control-project-template/install/gazebo_project/lib/python3.10/site-packages/gazebo_project-0.0.0-py3.10.egg-info' (and everything under it)
Copying ../../../build/gazebo_project/gazebo_project.egg-info to /home/andres/Documents/autonomous-vehicle-end-to-end-control-project-template/install/gazebo_project/lib/python3.10/site-packages/gazebo_project-0.0.0-py3.10.egg-info
running install_scripts
Installing odometry_tf script to /home/andres/Documents/autonomous-vehicle-end-to-end-control-project-template/install/gazebo_project/lib/gazebo_project
writing list of installed files to '/home/andres/Documents/autonomous-vehicle-end-to-end-control-project-template/build/gazebo_project/install.log'
