/home/andres/Documents/autonomous-vehicle-end-to-end-control-project-template/install/gazebo_project/lib/python3.10/site-packages/gazebo_project/odometry_tf.py
/home/andres/Documents/autonomous-vehicle-end-to-end-control-project-template/install/gazebo_project/lib/python3.10/site-packages/gazebo_project/__init__.py
/home/andres/Documents/autonomous-vehicle-end-to-end-control-project-template/install/gazebo_project/lib/python3.10/site-packages/gazebo_project/__pycache__/odometry_tf.cpython-310.pyc
/home/andres/Documents/autonomous-vehicle-end-to-end-control-project-template/install/gazebo_project/lib/python3.10/site-packages/gazebo_project/__pycache__/__init__.cpython-310.pyc
/home/andres/Documents/autonomous-vehicle-end-to-end-control-project-template/install/gazebo_project/share/ament_index/resource_index/packages/gazebo_project
/home/andres/Documents/autonomous-vehicle-end-to-end-control-project-template/install/gazebo_project/share/gazebo_project/package.xml
/home/andres/Documents/autonomous-vehicle-end-to-end-control-project-template/install/gazebo_project/share/gazebo_project/urdf/diff_drive_robot.urdf
/home/andres/Documents/autonomous-vehicle-end-to-end-control-project-template/install/gazebo_project/share/gazebo_project/urdf/oakd.urdf.xacro
/home/andres/Documents/autonomous-vehicle-end-to-end-control-project-template/install/gazebo_project/share/gazebo_project/urdf/robot.urdf
/home/andres/Documents/autonomous-vehicle-end-to-end-control-project-template/install/gazebo_project/share/gazebo_project/urdf/tutorial_robot.urdf
/home/andres/Documents/autonomous-vehicle-end-to-end-control-project-template/install/gazebo_project/share/gazebo_project/urdf/common_properties.urdf.xacro
/home/andres/Documents/autonomous-vehicle-end-to-end-control-project-template/install/gazebo_project/share/gazebo_project/meshes/smart_car.obj
/home/andres/Documents/autonomous-vehicle-end-to-end-control-project-template/install/gazebo_project/share/gazebo_project/meshes/oakd_pro.dae
/home/andres/Documents/autonomous-vehicle-end-to-end-control-project-template/install/gazebo_project/share/gazebo_project/worlds/sonoma.sdf
/home/andres/Documents/autonomous-vehicle-end-to-end-control-project-template/install/gazebo_project/share/gazebo_project/worlds/demo_world.sdf
/home/andres/Documents/autonomous-vehicle-end-to-end-control-project-template/install/gazebo_project/share/gazebo_project/launch/sonoma.launch.py
/home/andres/Documents/autonomous-vehicle-end-to-end-control-project-template/install/gazebo_project/share/gazebo_project/launch/rviz.launch.py
/home/andres/Documents/autonomous-vehicle-end-to-end-control-project-template/install/gazebo_project/share/gazebo_project/launch/simulation.launch.py
/home/andres/Documents/autonomous-vehicle-end-to-end-control-project-template/install/gazebo_project/share/gazebo_project/rviz/config.rviz
/home/andres/Documents/autonomous-vehicle-end-to-end-control-project-template/install/gazebo_project/lib/python3.10/site-packages/gazebo_project-0.0.0-py3.10.egg-info/SOURCES.txt
/home/andres/Documents/autonomous-vehicle-end-to-end-control-project-template/install/gazebo_project/lib/python3.10/site-packages/gazebo_project-0.0.0-py3.10.egg-info/requires.txt
/home/andres/Documents/autonomous-vehicle-end-to-end-control-project-template/install/gazebo_project/lib/python3.10/site-packages/gazebo_project-0.0.0-py3.10.egg-info/zip-safe
/home/andres/Documents/autonomous-vehicle-end-to-end-control-project-template/install/gazebo_project/lib/python3.10/site-packages/gazebo_project-0.0.0-py3.10.egg-info/dependency_links.txt
/home/andres/Documents/autonomous-vehicle-end-to-end-control-project-template/install/gazebo_project/lib/python3.10/site-packages/gazebo_project-0.0.0-py3.10.egg-info/top_level.txt
/home/andres/Documents/autonomous-vehicle-end-to-end-control-project-template/install/gazebo_project/lib/python3.10/site-packages/gazebo_project-0.0.0-py3.10.egg-info/entry_points.txt
/home/andres/Documents/autonomous-vehicle-end-to-end-control-project-template/install/gazebo_project/lib/python3.10/site-packages/gazebo_project-0.0.0-py3.10.egg-info/PKG-INFO
/home/andres/Documents/autonomous-vehicle-end-to-end-control-project-template/install/gazebo_project/lib/gazebo_project/odometry_tf
